2023-06-06 17:47:13 INFO  [springAppName_IS_UNDEFINED,,,] main org.springframework.context.support.PostProcessorRegistrationDelegate$BeanPostProcessorChecker Bean 'org.springframework.cloud.autoconfigure.ConfigurationPropertiesRebinderAutoConfiguration' of type [org.springframework.cloud.autoconfigure.ConfigurationPropertiesRebinderAutoConfiguration$$EnhancerBySpringCGLIB$$fd5f7771] is not eligible for getting processed by all BeanPostProcessors (for example: not eligible for auto-proxying)
2023-06-06 17:47:23 INFO  [FEBS-Gateway,,,] main com.ktb.febsgateway.FebsGatewayApplication No active profile set, falling back to default profiles: default
2023-06-06 17:47:25 INFO  [FEBS-Gateway,,,] main org.springframework.data.repository.config.RepositoryConfigurationDelegate Multiple Spring Data modules found, entering strict repository configuration mode!
2023-06-06 17:47:25 INFO  [FEBS-Gateway,,,] main org.springframework.data.repository.config.RepositoryConfigurationDelegate Bootstrapping Spring Data repositories in DEFAULT mode.
2023-06-06 17:47:25 INFO  [FEBS-Gateway,,,] main org.springframework.data.repository.config.RepositoryConfigurationDelegate Finished Spring Data repository scanning in 25ms. Found 0 repository interfaces.
2023-06-06 17:47:26 INFO  [FEBS-Gateway,,,] main org.springframework.cloud.context.scope.GenericScope BeanFactory id=4b8e6931-4435-3988-916b-ddaae0744a9a
2023-06-06 17:47:27 INFO  [FEBS-Gateway,,,] main org.springframework.context.support.PostProcessorRegistrationDelegate$BeanPostProcessorChecker Bean 'org.springframework.cloud.autoconfigure.ConfigurationPropertiesRebinderAutoConfiguration' of type [org.springframework.cloud.autoconfigure.ConfigurationPropertiesRebinderAutoConfiguration$$EnhancerBySpringCGLIB$$fd5f7771] is not eligible for getting processed by all BeanPostProcessors (for example: not eligible for auto-proxying)
2023-06-06 17:47:27 INFO  [FEBS-Gateway,,,] main org.springframework.boot.web.embedded.tomcat.TomcatWebServer Tomcat initialized with port(s): 8301 (http)
2023-06-06 17:47:27 INFO  [FEBS-Gateway,,,] main org.apache.coyote.http11.Http11NioProtocol Initializing ProtocolHandler ["http-nio-8301"]
2023-06-06 17:47:27 INFO  [FEBS-Gateway,,,] main org.apache.catalina.core.StandardService Starting service [Tomcat]
2023-06-06 17:47:27 INFO  [FEBS-Gateway,,,] main org.apache.catalina.core.StandardEngine Starting Servlet engine: [Apache Tomcat/9.0.21]
2023-06-06 17:47:27 INFO  [FEBS-Gateway,,,] main org.apache.catalina.core.ContainerBase.[Tomcat].[localhost].[/] Initializing Spring embedded WebApplicationContext
2023-06-06 17:47:27 INFO  [FEBS-Gateway,,,] main org.springframework.web.context.ContextLoader Root WebApplicationContext: initialization completed in 4542 ms
2023-06-06 17:47:28 INFO  [FEBS-Gateway,,,] main com.netflix.config.sources.URLConfigurationSource To enable URLs as dynamic configuration sources, define System property archaius.configurationSource.additionalUrls or make config.properties available on classpath.
2023-06-06 17:47:28 INFO  [FEBS-Gateway,,,] main com.netflix.config.DynamicPropertyFactory DynamicPropertyFactory is initialized with configuration sources: com.netflix.config.ConcurrentCompositeConfiguration@4aa2877c
2023-06-06 17:47:30 INFO  [FEBS-Gateway,,,] main org.springframework.boot.autoconfigure.security.servlet.UserDetailsServiceAutoConfiguration 

Using generated security password: 82272cca-3b5a-40c7-be28-9d2f97fc8076

2023-06-06 17:47:30 INFO  [FEBS-Gateway,,,] main org.springframework.security.web.DefaultSecurityFilterChain Creating filter chain: any request, [org.springframework.security.web.context.request.async.WebAsyncManagerIntegrationFilter@2baac4a7, org.springframework.security.web.context.SecurityContextPersistenceFilter@6206b4a7, org.springframework.security.web.header.HeaderWriterFilter@5bf4764d, org.springframework.security.web.csrf.CsrfFilter@4b28a7bf, org.springframework.security.web.authentication.logout.LogoutFilter@718989fa, org.springframework.security.web.savedrequest.RequestCacheAwareFilter@5c1b89ac, org.springframework.security.web.servletapi.SecurityContextHolderAwareRequestFilter@1860a7a1, org.springframework.security.web.authentication.AnonymousAuthenticationFilter@23ad2d17, org.springframework.security.web.session.SessionManagementFilter@7d25913, org.springframework.security.web.access.ExceptionTranslationFilter@4dd2ef54, org.springframework.security.web.access.intercept.FilterSecurityInterceptor@44fd7ba4]
2023-06-06 17:47:30 INFO  [FEBS-Gateway,,,] main com.netflix.config.sources.URLConfigurationSource To enable URLs as dynamic configuration sources, define System property archaius.configurationSource.additionalUrls or make config.properties available on classpath.
2023-06-06 17:47:30 INFO  [FEBS-Gateway,,,] main org.springframework.scheduling.concurrent.ThreadPoolTaskExecutor Initializing ExecutorService 'applicationTaskExecutor'
2023-06-06 17:47:31 INFO  [FEBS-Gateway,,,] main org.springframework.boot.actuate.endpoint.web.EndpointLinksResolver Exposing 2 endpoint(s) beneath base path '/actuator'
2023-06-06 17:47:32 INFO  [FEBS-Gateway,,,] main org.springframework.cloud.netflix.zuul.ZuulFilterInitializer Starting filter initializer
2023-06-06 17:47:32 INFO  [FEBS-Gateway,,,] main org.springframework.cloud.netflix.eureka.InstanceInfoFactory Setting initial instance status as: STARTING
2023-06-06 17:47:32 INFO  [FEBS-Gateway,,,] main com.netflix.discovery.DiscoveryClient Initializing Eureka in region us-east-1
2023-06-06 17:47:32 INFO  [FEBS-Gateway,,,] main com.netflix.discovery.provider.DiscoveryJerseyProvider Using JSON encoding codec LegacyJacksonJson
2023-06-06 17:47:32 INFO  [FEBS-Gateway,,,] main com.netflix.discovery.provider.DiscoveryJerseyProvider Using JSON decoding codec LegacyJacksonJson
2023-06-06 17:47:32 INFO  [FEBS-Gateway,,,] main com.netflix.discovery.provider.DiscoveryJerseyProvider Using XML encoding codec XStreamXml
2023-06-06 17:47:32 INFO  [FEBS-Gateway,,,] main com.netflix.discovery.provider.DiscoveryJerseyProvider Using XML decoding codec XStreamXml
2023-06-06 17:47:33 INFO  [FEBS-Gateway,,,] main com.netflix.discovery.shared.resolver.aws.ConfigClusterResolver Resolving eureka endpoints via configuration
2023-06-06 17:47:33 INFO  [FEBS-Gateway,,,] main com.netflix.discovery.DiscoveryClient Disable delta property : false
2023-06-06 17:47:33 INFO  [FEBS-Gateway,,,] main com.netflix.discovery.DiscoveryClient Single vip registry refresh property : null
2023-06-06 17:47:33 INFO  [FEBS-Gateway,,,] main com.netflix.discovery.DiscoveryClient Force full registry fetch : false
2023-06-06 17:47:33 INFO  [FEBS-Gateway,,,] main com.netflix.discovery.DiscoveryClient Application is null : false
2023-06-06 17:47:33 INFO  [FEBS-Gateway,,,] main com.netflix.discovery.DiscoveryClient Registered Applications size is zero : true
2023-06-06 17:47:33 INFO  [FEBS-Gateway,,,] main com.netflix.discovery.DiscoveryClient Application version is -1: true
2023-06-06 17:47:33 INFO  [FEBS-Gateway,,,] main com.netflix.discovery.DiscoveryClient Getting all instance registry info from the eureka server
2023-06-06 17:47:33 INFO  [FEBS-Gateway,,,] main com.netflix.discovery.DiscoveryClient The response status is 200
2023-06-06 17:47:33 INFO  [FEBS-Gateway,,,] main com.netflix.discovery.DiscoveryClient Starting heartbeat executor: renew interval is: 20
2023-06-06 17:47:33 INFO  [FEBS-Gateway,,,] main com.netflix.discovery.InstanceInfoReplicator InstanceInfoReplicator onDemand update allowed rate per min is 4
2023-06-06 17:47:33 INFO  [FEBS-Gateway,,,] main com.netflix.discovery.DiscoveryClient Discovery Client initialized at timestamp 1686044853811 with initial instances count: 0
2023-06-06 17:47:33 INFO  [FEBS-Gateway,,,] main org.springframework.cloud.netflix.eureka.serviceregistry.EurekaServiceRegistry Registering application FEBS-GATEWAY with eureka with status UP
2023-06-06 17:47:33 INFO  [FEBS-Gateway,,,] main com.netflix.discovery.DiscoveryClient Saw local status change event StatusChangeEvent [timestamp=1686044853818, current=UP, previous=STARTING]
2023-06-06 17:47:34 INFO  [FEBS-Gateway,,,] DiscoveryClient-InstanceInfoReplicator-0 com.netflix.discovery.DiscoveryClient DiscoveryClient_FEBS-GATEWAY/192.168.0.47:FEBS-Gateway:8301: registering service...
2023-06-06 17:47:34 INFO  [FEBS-Gateway,,,] main org.apache.coyote.http11.Http11NioProtocol Starting ProtocolHandler ["http-nio-8301"]
2023-06-06 17:47:34 INFO  [FEBS-Gateway,,,] DiscoveryClient-InstanceInfoReplicator-0 com.netflix.discovery.DiscoveryClient DiscoveryClient_FEBS-GATEWAY/192.168.0.47:FEBS-Gateway:8301 - registration status: 204
2023-06-06 17:47:34 INFO  [FEBS-Gateway,,,] main org.springframework.boot.web.embedded.tomcat.TomcatWebServer Tomcat started on port(s): 8301 (http) with context path ''
2023-06-06 17:47:34 INFO  [FEBS-Gateway,,,] main org.springframework.cloud.netflix.eureka.serviceregistry.EurekaAutoServiceRegistration Updating port to 8301
2023-06-06 17:47:34 INFO  [FEBS-Gateway,,,] main com.ktb.febsgateway.FebsGatewayApplication Started FebsGatewayApplication in 32.43 seconds (JVM running for 38.23)
2023-06-06 17:47:34 INFO  [FEBS-Gateway,,,] main com.netflix.config.ChainedDynamicProperty Flipping property: FEBS-Auth.ribbon.ActiveConnectionsLimit to use NEXT property: niws.loadbalancer.availabilityFilteringRule.activeConnectionsLimit = 2147483647
2023-06-06 17:47:35 INFO  [FEBS-Gateway,,,] main com.netflix.util.concurrent.ShutdownEnabledTimer Shutdown hook installed for: NFLoadBalancer-PingTimer-FEBS-Auth
2023-06-06 17:47:35 INFO  [FEBS-Gateway,,,] main com.netflix.loadbalancer.BaseLoadBalancer Client: FEBS-Auth instantiated a LoadBalancer: DynamicServerListLoadBalancer:{NFLoadBalancer:name=FEBS-Auth,current list of Servers=[],Load balancer stats=Zone stats: {},Server stats: []}ServerList:null
2023-06-06 17:47:35 INFO  [FEBS-Gateway,,,] main com.netflix.loadbalancer.DynamicServerListLoadBalancer Using serverListUpdater PollingServerListUpdater
2023-06-06 17:47:35 INFO  [FEBS-Gateway,,,] main com.netflix.loadbalancer.DynamicServerListLoadBalancer DynamicServerListLoadBalancer for client FEBS-Auth initialized: DynamicServerListLoadBalancer:{NFLoadBalancer:name=FEBS-Auth,current list of Servers=[],Load balancer stats=Zone stats: {},Server stats: []}ServerList:org.springframework.cloud.netflix.ribbon.eureka.DomainExtractingServerList@5f4e389a
2023-06-06 17:47:35 INFO  [FEBS-Gateway,,,] main com.netflix.config.ChainedDynamicProperty Flipping property: FEBS-Server-System.ribbon.ActiveConnectionsLimit to use NEXT property: niws.loadbalancer.availabilityFilteringRule.activeConnectionsLimit = 2147483647
2023-06-06 17:47:35 INFO  [FEBS-Gateway,,,] main com.netflix.util.concurrent.ShutdownEnabledTimer Shutdown hook installed for: NFLoadBalancer-PingTimer-FEBS-Server-System
2023-06-06 17:47:35 INFO  [FEBS-Gateway,,,] main com.netflix.loadbalancer.BaseLoadBalancer Client: FEBS-Server-System instantiated a LoadBalancer: DynamicServerListLoadBalancer:{NFLoadBalancer:name=FEBS-Server-System,current list of Servers=[],Load balancer stats=Zone stats: {},Server stats: []}ServerList:null
2023-06-06 17:47:35 INFO  [FEBS-Gateway,,,] main com.netflix.loadbalancer.DynamicServerListLoadBalancer Using serverListUpdater PollingServerListUpdater
2023-06-06 17:47:35 INFO  [FEBS-Gateway,,,] main com.netflix.loadbalancer.DynamicServerListLoadBalancer DynamicServerListLoadBalancer for client FEBS-Server-System initialized: DynamicServerListLoadBalancer:{NFLoadBalancer:name=FEBS-Server-System,current list of Servers=[],Load balancer stats=Zone stats: {},Server stats: []}ServerList:org.springframework.cloud.netflix.ribbon.eureka.DomainExtractingServerList@16c9e378
2023-06-06 17:47:35 INFO  [FEBS-Gateway,,,] main com.netflix.config.ChainedDynamicProperty Flipping property: FEBS-Server-Test.ribbon.ActiveConnectionsLimit to use NEXT property: niws.loadbalancer.availabilityFilteringRule.activeConnectionsLimit = 2147483647
2023-06-06 17:47:35 INFO  [FEBS-Gateway,,,] main com.netflix.util.concurrent.ShutdownEnabledTimer Shutdown hook installed for: NFLoadBalancer-PingTimer-FEBS-Server-Test
2023-06-06 17:47:35 INFO  [FEBS-Gateway,,,] main com.netflix.loadbalancer.BaseLoadBalancer Client: FEBS-Server-Test instantiated a LoadBalancer: DynamicServerListLoadBalancer:{NFLoadBalancer:name=FEBS-Server-Test,current list of Servers=[],Load balancer stats=Zone stats: {},Server stats: []}ServerList:null
2023-06-06 17:47:35 INFO  [FEBS-Gateway,,,] RMI TCP Connection(10)-192.168.0.47 org.apache.catalina.core.ContainerBase.[Tomcat].[localhost].[/] Initializing Spring DispatcherServlet 'dispatcherServlet'
2023-06-06 17:47:35 INFO  [FEBS-Gateway,,,] RMI TCP Connection(10)-192.168.0.47 org.springframework.web.servlet.DispatcherServlet Initializing Servlet 'dispatcherServlet'
2023-06-06 17:47:35 INFO  [FEBS-Gateway,,,] main com.netflix.loadbalancer.DynamicServerListLoadBalancer Using serverListUpdater PollingServerListUpdater
2023-06-06 17:47:35 INFO  [FEBS-Gateway,,,] main com.netflix.loadbalancer.DynamicServerListLoadBalancer DynamicServerListLoadBalancer for client FEBS-Server-Test initialized: DynamicServerListLoadBalancer:{NFLoadBalancer:name=FEBS-Server-Test,current list of Servers=[],Load balancer stats=Zone stats: {},Server stats: []}ServerList:org.springframework.cloud.netflix.ribbon.eureka.DomainExtractingServerList@45753c22
2023-06-06 17:47:35 INFO  [FEBS-Gateway,,,] RMI TCP Connection(10)-192.168.0.47 org.springframework.web.servlet.DispatcherServlet Completed initialization in 18 ms
2023-06-06 17:47:35 INFO  [FEBS-Gateway,,,] parallel-1 io.lettuce.core.EpollProvider Starting without optional epoll library
2023-06-06 17:47:35 INFO  [FEBS-Gateway,,,] parallel-1 io.lettuce.core.KqueueProvider Starting without optional kqueue library
2023-06-06 17:47:36 INFO  [FEBS-Gateway,,,] DiscoveryClient-CacheRefreshExecutor-0 com.netflix.discovery.DiscoveryClient Disable delta property : false
2023-06-06 17:47:36 INFO  [FEBS-Gateway,,,] DiscoveryClient-CacheRefreshExecutor-0 com.netflix.discovery.DiscoveryClient Single vip registry refresh property : null
2023-06-06 17:47:36 INFO  [FEBS-Gateway,,,] DiscoveryClient-CacheRefreshExecutor-0 com.netflix.discovery.DiscoveryClient Force full registry fetch : false
2023-06-06 17:47:36 INFO  [FEBS-Gateway,,,] DiscoveryClient-CacheRefreshExecutor-0 com.netflix.discovery.DiscoveryClient Application is null : false
2023-06-06 17:47:36 INFO  [FEBS-Gateway,,,] DiscoveryClient-CacheRefreshExecutor-0 com.netflix.discovery.DiscoveryClient Registered Applications size is zero : true
2023-06-06 17:47:36 INFO  [FEBS-Gateway,,,] DiscoveryClient-CacheRefreshExecutor-0 com.netflix.discovery.DiscoveryClient Application version is -1: false
2023-06-06 17:47:36 INFO  [FEBS-Gateway,,,] DiscoveryClient-CacheRefreshExecutor-0 com.netflix.discovery.DiscoveryClient Getting all instance registry info from the eureka server
2023-06-06 17:47:36 INFO  [FEBS-Gateway,,,] DiscoveryClient-CacheRefreshExecutor-0 com.netflix.discovery.DiscoveryClient The response status is 200
2023-06-06 17:47:39 INFO  [FEBS-Gateway,,,] DiscoveryClient-CacheRefreshExecutor-0 com.netflix.discovery.DiscoveryClient Disable delta property : false
2023-06-06 17:47:39 INFO  [FEBS-Gateway,,,] DiscoveryClient-CacheRefreshExecutor-0 com.netflix.discovery.DiscoveryClient Single vip registry refresh property : null
2023-06-06 17:47:39 INFO  [FEBS-Gateway,,,] DiscoveryClient-CacheRefreshExecutor-0 com.netflix.discovery.DiscoveryClient Force full registry fetch : false
2023-06-06 17:47:39 INFO  [FEBS-Gateway,,,] DiscoveryClient-CacheRefreshExecutor-0 com.netflix.discovery.DiscoveryClient Application is null : false
2023-06-06 17:47:39 INFO  [FEBS-Gateway,,,] DiscoveryClient-CacheRefreshExecutor-0 com.netflix.discovery.DiscoveryClient Registered Applications size is zero : true
2023-06-06 17:47:39 INFO  [FEBS-Gateway,,,] DiscoveryClient-CacheRefreshExecutor-0 com.netflix.discovery.DiscoveryClient Application version is -1: false
2023-06-06 17:47:39 INFO  [FEBS-Gateway,,,] DiscoveryClient-CacheRefreshExecutor-0 com.netflix.discovery.DiscoveryClient Getting all instance registry info from the eureka server
2023-06-06 17:47:39 INFO  [FEBS-Gateway,,,] DiscoveryClient-CacheRefreshExecutor-0 com.netflix.discovery.DiscoveryClient The response status is 200
2023-06-06 17:47:42 INFO  [FEBS-Gateway,,,] DiscoveryClient-CacheRefreshExecutor-0 com.netflix.discovery.DiscoveryClient Disable delta property : false
2023-06-06 17:47:42 INFO  [FEBS-Gateway,,,] DiscoveryClient-CacheRefreshExecutor-0 com.netflix.discovery.DiscoveryClient Single vip registry refresh property : null
2023-06-06 17:47:42 INFO  [FEBS-Gateway,,,] DiscoveryClient-CacheRefreshExecutor-0 com.netflix.discovery.DiscoveryClient Force full registry fetch : false
2023-06-06 17:47:42 INFO  [FEBS-Gateway,,,] DiscoveryClient-CacheRefreshExecutor-0 com.netflix.discovery.DiscoveryClient Application is null : false
2023-06-06 17:47:42 INFO  [FEBS-Gateway,,,] DiscoveryClient-CacheRefreshExecutor-0 com.netflix.discovery.DiscoveryClient Registered Applications size is zero : true
2023-06-06 17:47:42 INFO  [FEBS-Gateway,,,] DiscoveryClient-CacheRefreshExecutor-0 com.netflix.discovery.DiscoveryClient Application version is -1: false
2023-06-06 17:47:42 INFO  [FEBS-Gateway,,,] DiscoveryClient-CacheRefreshExecutor-0 com.netflix.discovery.DiscoveryClient Getting all instance registry info from the eureka server
2023-06-06 17:47:42 INFO  [FEBS-Gateway,,,] DiscoveryClient-CacheRefreshExecutor-0 com.netflix.discovery.DiscoveryClient The response status is 200
2023-06-06 17:47:45 INFO  [FEBS-Gateway,,,] DiscoveryClient-CacheRefreshExecutor-0 com.netflix.discovery.DiscoveryClient Disable delta property : false
2023-06-06 17:47:45 INFO  [FEBS-Gateway,,,] DiscoveryClient-CacheRefreshExecutor-0 com.netflix.discovery.DiscoveryClient Single vip registry refresh property : null
2023-06-06 17:47:45 INFO  [FEBS-Gateway,,,] DiscoveryClient-CacheRefreshExecutor-0 com.netflix.discovery.DiscoveryClient Force full registry fetch : false
2023-06-06 17:47:45 INFO  [FEBS-Gateway,,,] DiscoveryClient-CacheRefreshExecutor-0 com.netflix.discovery.DiscoveryClient Application is null : false
2023-06-06 17:47:45 INFO  [FEBS-Gateway,,,] DiscoveryClient-CacheRefreshExecutor-0 com.netflix.discovery.DiscoveryClient Registered Applications size is zero : true
2023-06-06 17:47:45 INFO  [FEBS-Gateway,,,] DiscoveryClient-CacheRefreshExecutor-0 com.netflix.discovery.DiscoveryClient Application version is -1: false
2023-06-06 17:47:45 INFO  [FEBS-Gateway,,,] DiscoveryClient-CacheRefreshExecutor-0 com.netflix.discovery.DiscoveryClient Getting all instance registry info from the eureka server
2023-06-06 17:47:45 INFO  [FEBS-Gateway,,,] DiscoveryClient-CacheRefreshExecutor-0 com.netflix.discovery.DiscoveryClient The response status is 200
2023-06-06 17:47:48 INFO  [FEBS-Gateway,,,] DiscoveryClient-CacheRefreshExecutor-0 com.netflix.discovery.DiscoveryClient Disable delta property : false
2023-06-06 17:47:48 INFO  [FEBS-Gateway,,,] DiscoveryClient-CacheRefreshExecutor-0 com.netflix.discovery.DiscoveryClient Single vip registry refresh property : null
2023-06-06 17:47:48 INFO  [FEBS-Gateway,,,] DiscoveryClient-CacheRefreshExecutor-0 com.netflix.discovery.DiscoveryClient Force full registry fetch : false
2023-06-06 17:47:48 INFO  [FEBS-Gateway,,,] DiscoveryClient-CacheRefreshExecutor-0 com.netflix.discovery.DiscoveryClient Application is null : false
2023-06-06 17:47:48 INFO  [FEBS-Gateway,,,] DiscoveryClient-CacheRefreshExecutor-0 com.netflix.discovery.DiscoveryClient Registered Applications size is zero : true
2023-06-06 17:47:48 INFO  [FEBS-Gateway,,,] DiscoveryClient-CacheRefreshExecutor-0 com.netflix.discovery.DiscoveryClient Application version is -1: false
2023-06-06 17:47:48 INFO  [FEBS-Gateway,,,] DiscoveryClient-CacheRefreshExecutor-0 com.netflix.discovery.DiscoveryClient Getting all instance registry info from the eureka server
2023-06-06 17:47:48 INFO  [FEBS-Gateway,,,] DiscoveryClient-CacheRefreshExecutor-0 com.netflix.discovery.DiscoveryClient The response status is 200
2023-06-06 17:47:51 INFO  [FEBS-Gateway,,,] DiscoveryClient-CacheRefreshExecutor-0 com.netflix.discovery.DiscoveryClient Disable delta property : false
2023-06-06 17:47:51 INFO  [FEBS-Gateway,,,] DiscoveryClient-CacheRefreshExecutor-0 com.netflix.discovery.DiscoveryClient Single vip registry refresh property : null
2023-06-06 17:47:51 INFO  [FEBS-Gateway,,,] DiscoveryClient-CacheRefreshExecutor-0 com.netflix.discovery.DiscoveryClient Force full registry fetch : false
2023-06-06 17:47:51 INFO  [FEBS-Gateway,,,] DiscoveryClient-CacheRefreshExecutor-0 com.netflix.discovery.DiscoveryClient Application is null : false
2023-06-06 17:47:51 INFO  [FEBS-Gateway,,,] DiscoveryClient-CacheRefreshExecutor-0 com.netflix.discovery.DiscoveryClient Registered Applications size is zero : true
2023-06-06 17:47:51 INFO  [FEBS-Gateway,,,] DiscoveryClient-CacheRefreshExecutor-0 com.netflix.discovery.DiscoveryClient Application version is -1: false
2023-06-06 17:47:51 INFO  [FEBS-Gateway,,,] DiscoveryClient-CacheRefreshExecutor-0 com.netflix.discovery.DiscoveryClient Getting all instance registry info from the eureka server
2023-06-06 17:47:51 INFO  [FEBS-Gateway,,,] DiscoveryClient-CacheRefreshExecutor-0 com.netflix.discovery.DiscoveryClient The response status is 200
2023-06-06 17:47:54 INFO  [FEBS-Gateway,,,] DiscoveryClient-CacheRefreshExecutor-0 com.netflix.discovery.DiscoveryClient Disable delta property : false
2023-06-06 17:47:54 INFO  [FEBS-Gateway,,,] DiscoveryClient-CacheRefreshExecutor-0 com.netflix.discovery.DiscoveryClient Single vip registry refresh property : null
2023-06-06 17:47:54 INFO  [FEBS-Gateway,,,] DiscoveryClient-CacheRefreshExecutor-0 com.netflix.discovery.DiscoveryClient Force full registry fetch : false
2023-06-06 17:47:54 INFO  [FEBS-Gateway,,,] DiscoveryClient-CacheRefreshExecutor-0 com.netflix.discovery.DiscoveryClient Application is null : false
2023-06-06 17:47:54 INFO  [FEBS-Gateway,,,] DiscoveryClient-CacheRefreshExecutor-0 com.netflix.discovery.DiscoveryClient Registered Applications size is zero : true
2023-06-06 17:47:54 INFO  [FEBS-Gateway,,,] DiscoveryClient-CacheRefreshExecutor-0 com.netflix.discovery.DiscoveryClient Application version is -1: false
2023-06-06 17:47:54 INFO  [FEBS-Gateway,,,] DiscoveryClient-CacheRefreshExecutor-0 com.netflix.discovery.DiscoveryClient Getting all instance registry info from the eureka server
2023-06-06 17:47:54 INFO  [FEBS-Gateway,,,] DiscoveryClient-CacheRefreshExecutor-0 com.netflix.discovery.DiscoveryClient The response status is 200
2023-06-06 17:47:57 INFO  [FEBS-Gateway,,,] DiscoveryClient-CacheRefreshExecutor-0 com.netflix.discovery.DiscoveryClient Disable delta property : false
2023-06-06 17:47:57 INFO  [FEBS-Gateway,,,] DiscoveryClient-CacheRefreshExecutor-0 com.netflix.discovery.DiscoveryClient Single vip registry refresh property : null
2023-06-06 17:47:57 INFO  [FEBS-Gateway,,,] DiscoveryClient-CacheRefreshExecutor-0 com.netflix.discovery.DiscoveryClient Force full registry fetch : false
2023-06-06 17:47:57 INFO  [FEBS-Gateway,,,] DiscoveryClient-CacheRefreshExecutor-0 com.netflix.discovery.DiscoveryClient Application is null : false
2023-06-06 17:47:57 INFO  [FEBS-Gateway,,,] DiscoveryClient-CacheRefreshExecutor-0 com.netflix.discovery.DiscoveryClient Registered Applications size is zero : true
2023-06-06 17:47:57 INFO  [FEBS-Gateway,,,] DiscoveryClient-CacheRefreshExecutor-0 com.netflix.discovery.DiscoveryClient Application version is -1: false
2023-06-06 17:47:57 INFO  [FEBS-Gateway,,,] DiscoveryClient-CacheRefreshExecutor-0 com.netflix.discovery.DiscoveryClient Getting all instance registry info from the eureka server
2023-06-06 17:47:57 INFO  [FEBS-Gateway,,,] DiscoveryClient-CacheRefreshExecutor-0 com.netflix.discovery.DiscoveryClient The response status is 200
2023-06-06 17:48:00 INFO  [FEBS-Gateway,,,] DiscoveryClient-CacheRefreshExecutor-0 com.netflix.discovery.DiscoveryClient Disable delta property : false
2023-06-06 17:48:00 INFO  [FEBS-Gateway,,,] DiscoveryClient-CacheRefreshExecutor-0 com.netflix.discovery.DiscoveryClient Single vip registry refresh property : null
2023-06-06 17:48:00 INFO  [FEBS-Gateway,,,] DiscoveryClient-CacheRefreshExecutor-0 com.netflix.discovery.DiscoveryClient Force full registry fetch : false
2023-06-06 17:48:00 INFO  [FEBS-Gateway,,,] DiscoveryClient-CacheRefreshExecutor-0 com.netflix.discovery.DiscoveryClient Application is null : false
2023-06-06 17:48:00 INFO  [FEBS-Gateway,,,] DiscoveryClient-CacheRefreshExecutor-0 com.netflix.discovery.DiscoveryClient Registered Applications size is zero : true
2023-06-06 17:48:00 INFO  [FEBS-Gateway,,,] DiscoveryClient-CacheRefreshExecutor-0 com.netflix.discovery.DiscoveryClient Application version is -1: false
2023-06-06 17:48:00 INFO  [FEBS-Gateway,,,] DiscoveryClient-CacheRefreshExecutor-0 com.netflix.discovery.DiscoveryClient Getting all instance registry info from the eureka server
2023-06-06 17:48:01 INFO  [FEBS-Gateway,,,] DiscoveryClient-CacheRefreshExecutor-0 com.netflix.discovery.DiscoveryClient The response status is 200
2023-06-06 17:48:06 INFO  [FEBS-Gateway,,,] PollingServerListUpdater-1 com.netflix.config.ChainedDynamicProperty Flipping property: FEBS-Auth.ribbon.ActiveConnectionsLimit to use NEXT property: niws.loadbalancer.availabilityFilteringRule.activeConnectionsLimit = 2147483647
2023-06-06 17:48:06 INFO  [FEBS-Gateway,,,] PollingServerListUpdater-0 com.netflix.config.ChainedDynamicProperty Flipping property: FEBS-Server-System.ribbon.ActiveConnectionsLimit to use NEXT property: niws.loadbalancer.availabilityFilteringRule.activeConnectionsLimit = 2147483647
2023-06-06 17:48:06 INFO  [FEBS-Gateway,,,] PollingServerListUpdater-1 com.netflix.config.ChainedDynamicProperty Flipping property: FEBS-Server-Test.ribbon.ActiveConnectionsLimit to use NEXT property: niws.loadbalancer.availabilityFilteringRule.activeConnectionsLimit = 2147483647
2023-06-06 17:52:04 INFO  [FEBS-Gateway,,,] http-nio-8301-exec-1 org.apache.tomcat.util.http.parser.Cookie A cookie header was received [1683279368,1684246880; Hm_lvt_54c9fd38b138230b5c5284d34abdaaad=1684489576; Hm_lvt_d2e3162511bcb2a3a1d86d5e3e1bbadc=1685515662; Admin-Token=admin; JSESSIONID=49A414EB1A849246F23840A4D8197950] that contained an invalid cookie. That cookie will be ignored.
 Note: further occurrences of this error will be logged at DEBUG level.
2023-06-06 17:52:05 INFO  [FEBS-Gateway,,,] http-nio-8301-exec-1 com.ktb.febsgateway.filter.FebsGatewayRequestFilter 请求URI：/auth/captcha，HTTP Method：GET，请求IP：0:0:0:0:0:0:0:1，ServerId：null
2023-06-06 17:52:33 INFO  [FEBS-Gateway,,,] AsyncResolver-bootstrap-executor-0 com.netflix.discovery.shared.resolver.aws.ConfigClusterResolver Resolving eureka endpoints via configuration
2023-06-06 17:54:56 INFO  [FEBS-Gateway,,,] http-nio-8301-exec-8 com.ktb.febsgateway.filter.FebsGatewayRequestFilter 请求URI：/auth/captcha，HTTP Method：GET，请求IP：0:0:0:0:0:0:0:1，ServerId：null
2023-06-06 17:57:33 INFO  [FEBS-Gateway,,,] AsyncResolver-bootstrap-executor-0 com.netflix.discovery.shared.resolver.aws.ConfigClusterResolver Resolving eureka endpoints via configuration
2023-06-06 17:59:52 INFO  [FEBS-Gateway,,,] Thread-76 com.netflix.loadbalancer.PollingServerListUpdater Shutting down the Executor Pool for PollingServerListUpdater
2023-06-06 17:59:52 INFO  [FEBS-Gateway,,,] Thread-72 org.springframework.cloud.netflix.eureka.serviceregistry.EurekaServiceRegistry Unregistering application FEBS-GATEWAY with eureka with status DOWN
2023-06-06 17:59:52 INFO  [FEBS-Gateway,,,] DiscoveryClient-InstanceInfoReplicator-0 com.netflix.discovery.DiscoveryClient DiscoveryClient_FEBS-GATEWAY/192.168.0.47:FEBS-Gateway:8301: registering service...
2023-06-06 17:59:53 INFO  [FEBS-Gateway,,,] DiscoveryClient-InstanceInfoReplicator-0 com.netflix.discovery.DiscoveryClient DiscoveryClient_FEBS-GATEWAY/192.168.0.47:FEBS-Gateway:8301 - registration status: 204
2023-06-06 17:59:53 INFO  [FEBS-Gateway,,,] Thread-72 org.springframework.cloud.netflix.zuul.ZuulFilterInitializer Stopping filter initializer
2023-06-06 17:59:53 INFO  [FEBS-Gateway,,,] Thread-72 com.netflix.util.concurrent.ShutdownEnabledTimer Shutdown hook removed for: NFLoadBalancer-PingTimer-FEBS-Server-Test
2023-06-06 17:59:53 INFO  [FEBS-Gateway,,,] Thread-72 com.netflix.util.concurrent.ShutdownEnabledTimer Exception caught (might be ok if at shutdown)
java.lang.IllegalStateException: Shutdown in progress
	at java.lang.ApplicationShutdownHooks.remove(ApplicationShutdownHooks.java:82)
	at java.lang.Runtime.removeShutdownHook(Runtime.java:239)
	at com.netflix.util.concurrent.ShutdownEnabledTimer.cancel(ShutdownEnabledTimer.java:70)
	at com.netflix.loadbalancer.BaseLoadBalancer.cancelPingTask(BaseLoadBalancer.java:632)
	at com.netflix.loadbalancer.BaseLoadBalancer.shutdown(BaseLoadBalancer.java:883)
	at com.netflix.loadbalancer.DynamicServerListLoadBalancer.shutdown(DynamicServerListLoadBalancer.java:285)
	at sun.reflect.NativeMethodAccessorImpl.invoke0(Native Method)
	at sun.reflect.NativeMethodAccessorImpl.invoke(NativeMethodAccessorImpl.java:62)
	at sun.reflect.DelegatingMethodAccessorImpl.invoke(DelegatingMethodAccessorImpl.java:43)
	at java.lang.reflect.Method.invoke(Method.java:498)
	at org.springframework.beans.factory.support.DisposableBeanAdapter.invokeCustomDestroyMethod(DisposableBeanAdapter.java:339)
	at org.springframework.beans.factory.support.DisposableBeanAdapter.destroy(DisposableBeanAdapter.java:273)
	at org.springframework.beans.factory.support.DefaultSingletonBeanRegistry.destroyBean(DefaultSingletonBeanRegistry.java:571)
	at org.springframework.beans.factory.support.DefaultSingletonBeanRegistry.destroySingleton(DefaultSingletonBeanRegistry.java:543)
	at org.springframework.beans.factory.support.DefaultListableBeanFactory.destroySingleton(DefaultListableBeanFactory.java:1036)
	at org.springframework.beans.factory.support.DefaultSingletonBeanRegistry.destroySingletons(DefaultSingletonBeanRegistry.java:504)
	at org.springframework.beans.factory.support.DefaultListableBeanFactory.destroySingletons(DefaultListableBeanFactory.java:1029)
	at org.springframework.context.support.AbstractApplicationContext.destroyBeans(AbstractApplicationContext.java:1057)
	at org.springframework.context.support.AbstractApplicationContext.doClose(AbstractApplicationContext.java:1026)
	at org.springframework.context.support.AbstractApplicationContext.close(AbstractApplicationContext.java:975)
	at org.springframework.cloud.context.named.NamedContextFactory.destroy(NamedContextFactory.java:92)
	at org.springframework.beans.factory.support.DisposableBeanAdapter.destroy(DisposableBeanAdapter.java:258)
	at org.springframework.beans.factory.support.DefaultSingletonBeanRegistry.destroyBean(DefaultSingletonBeanRegistry.java:571)
	at org.springframework.beans.factory.support.DefaultSingletonBeanRegistry.destroySingleton(DefaultSingletonBeanRegistry.java:543)
	at org.springframework.beans.factory.support.DefaultListableBeanFactory.destroySingleton(DefaultListableBeanFactory.java:1036)
	at org.springframework.beans.factory.support.DefaultSingletonBeanRegistry.destroySingletons(DefaultSingletonBeanRegistry.java:504)
	at org.springframework.beans.factory.support.DefaultListableBeanFactory.destroySingletons(DefaultListableBeanFactory.java:1029)
	at org.springframework.context.support.AbstractApplicationContext.destroyBeans(AbstractApplicationContext.java:1057)
	at org.springframework.context.support.AbstractApplicationContext.doClose(AbstractApplicationContext.java:1026)
	at org.springframework.context.support.AbstractApplicationContext$1.run(AbstractApplicationContext.java:945)
2023-06-06 17:59:53 INFO  [FEBS-Gateway,,,] Thread-72 com.netflix.util.concurrent.ShutdownEnabledTimer Shutdown hook removed for: NFLoadBalancer-PingTimer-FEBS-Server-System
2023-06-06 17:59:53 INFO  [FEBS-Gateway,,,] Thread-72 com.netflix.util.concurrent.ShutdownEnabledTimer Exception caught (might be ok if at shutdown)
java.lang.IllegalStateException: Shutdown in progress
	at java.lang.ApplicationShutdownHooks.remove(ApplicationShutdownHooks.java:82)
	at java.lang.Runtime.removeShutdownHook(Runtime.java:239)
	at com.netflix.util.concurrent.ShutdownEnabledTimer.cancel(ShutdownEnabledTimer.java:70)
	at com.netflix.loadbalancer.BaseLoadBalancer.cancelPingTask(BaseLoadBalancer.java:632)
	at com.netflix.loadbalancer.BaseLoadBalancer.shutdown(BaseLoadBalancer.java:883)
	at com.netflix.loadbalancer.DynamicServerListLoadBalancer.shutdown(DynamicServerListLoadBalancer.java:285)
	at sun.reflect.NativeMethodAccessorImpl.invoke0(Native Method)
	at sun.reflect.NativeMethodAccessorImpl.invoke(NativeMethodAccessorImpl.java:62)
	at sun.reflect.DelegatingMethodAccessorImpl.invoke(DelegatingMethodAccessorImpl.java:43)
	at java.lang.reflect.Method.invoke(Method.java:498)
	at org.springframework.beans.factory.support.DisposableBeanAdapter.invokeCustomDestroyMethod(DisposableBeanAdapter.java:339)
	at org.springframework.beans.factory.support.DisposableBeanAdapter.destroy(DisposableBeanAdapter.java:273)
	at org.springframework.beans.factory.support.DefaultSingletonBeanRegistry.destroyBean(DefaultSingletonBeanRegistry.java:571)
	at org.springframework.beans.factory.support.DefaultSingletonBeanRegistry.destroySingleton(DefaultSingletonBeanRegistry.java:543)
	at org.springframework.beans.factory.support.DefaultListableBeanFactory.destroySingleton(DefaultListableBeanFactory.java:1036)
	at org.springframework.beans.factory.support.DefaultSingletonBeanRegistry.destroySingletons(DefaultSingletonBeanRegistry.java:504)
	at org.springframework.beans.factory.support.DefaultListableBeanFactory.destroySingletons(DefaultListableBeanFactory.java:1029)
	at org.springframework.context.support.AbstractApplicationContext.destroyBeans(AbstractApplicationContext.java:1057)
	at org.springframework.context.support.AbstractApplicationContext.doClose(AbstractApplicationContext.java:1026)
	at org.springframework.context.support.AbstractApplicationContext.close(AbstractApplicationContext.java:975)
	at org.springframework.cloud.context.named.NamedContextFactory.destroy(NamedContextFactory.java:92)
	at org.springframework.beans.factory.support.DisposableBeanAdapter.destroy(DisposableBeanAdapter.java:258)
	at org.springframework.beans.factory.support.DefaultSingletonBeanRegistry.destroyBean(DefaultSingletonBeanRegistry.java:571)
	at org.springframework.beans.factory.support.DefaultSingletonBeanRegistry.destroySingleton(DefaultSingletonBeanRegistry.java:543)
	at org.springframework.beans.factory.support.DefaultListableBeanFactory.destroySingleton(DefaultListableBeanFactory.java:1036)
	at org.springframework.beans.factory.support.DefaultSingletonBeanRegistry.destroySingletons(DefaultSingletonBeanRegistry.java:504)
	at org.springframework.beans.factory.support.DefaultListableBeanFactory.destroySingletons(DefaultListableBeanFactory.java:1029)
	at org.springframework.context.support.AbstractApplicationContext.destroyBeans(AbstractApplicationContext.java:1057)
	at org.springframework.context.support.AbstractApplicationContext.doClose(AbstractApplicationContext.java:1026)
	at org.springframework.context.support.AbstractApplicationContext$1.run(AbstractApplicationContext.java:945)
2023-06-06 17:59:53 INFO  [FEBS-Gateway,,,] Thread-72 com.netflix.util.concurrent.ShutdownEnabledTimer Shutdown hook removed for: NFLoadBalancer-PingTimer-FEBS-Auth
2023-06-06 17:59:53 INFO  [FEBS-Gateway,,,] Thread-72 com.netflix.util.concurrent.ShutdownEnabledTimer Exception caught (might be ok if at shutdown)
java.lang.IllegalStateException: Shutdown in progress
	at java.lang.ApplicationShutdownHooks.remove(ApplicationShutdownHooks.java:82)
	at java.lang.Runtime.removeShutdownHook(Runtime.java:239)
	at com.netflix.util.concurrent.ShutdownEnabledTimer.cancel(ShutdownEnabledTimer.java:70)
	at com.netflix.loadbalancer.BaseLoadBalancer.cancelPingTask(BaseLoadBalancer.java:632)
	at com.netflix.loadbalancer.BaseLoadBalancer.shutdown(BaseLoadBalancer.java:883)
	at com.netflix.loadbalancer.DynamicServerListLoadBalancer.shutdown(DynamicServerListLoadBalancer.java:285)
	at sun.reflect.NativeMethodAccessorImpl.invoke0(Native Method)
	at sun.reflect.NativeMethodAccessorImpl.invoke(NativeMethodAccessorImpl.java:62)
	at sun.reflect.DelegatingMethodAccessorImpl.invoke(DelegatingMethodAccessorImpl.java:43)
	at java.lang.reflect.Method.invoke(Method.java:498)
	at org.springframework.beans.factory.support.DisposableBeanAdapter.invokeCustomDestroyMethod(DisposableBeanAdapter.java:339)
	at org.springframework.beans.factory.support.DisposableBeanAdapter.destroy(DisposableBeanAdapter.java:273)
	at org.springframework.beans.factory.support.DefaultSingletonBeanRegistry.destroyBean(DefaultSingletonBeanRegistry.java:571)
	at org.springframework.beans.factory.support.DefaultSingletonBeanRegistry.destroySingleton(DefaultSingletonBeanRegistry.java:543)
	at org.springframework.beans.factory.support.DefaultListableBeanFactory.destroySingleton(DefaultListableBeanFactory.java:1036)
	at org.springframework.beans.factory.support.DefaultSingletonBeanRegistry.destroySingletons(DefaultSingletonBeanRegistry.java:504)
	at org.springframework.beans.factory.support.DefaultListableBeanFactory.destroySingletons(DefaultListableBeanFactory.java:1029)
	at org.springframework.context.support.AbstractApplicationContext.destroyBeans(AbstractApplicationContext.java:1057)
	at org.springframework.context.support.AbstractApplicationContext.doClose(AbstractApplicationContext.java:1026)
	at org.springframework.context.support.AbstractApplicationContext.close(AbstractApplicationContext.java:975)
	at org.springframework.cloud.context.named.NamedContextFactory.destroy(NamedContextFactory.java:92)
	at org.springframework.beans.factory.support.DisposableBeanAdapter.destroy(DisposableBeanAdapter.java:258)
	at org.springframework.beans.factory.support.DefaultSingletonBeanRegistry.destroyBean(DefaultSingletonBeanRegistry.java:571)
	at org.springframework.beans.factory.support.DefaultSingletonBeanRegistry.destroySingleton(DefaultSingletonBeanRegistry.java:543)
	at org.springframework.beans.factory.support.DefaultListableBeanFactory.destroySingleton(DefaultListableBeanFactory.java:1036)
	at org.springframework.beans.factory.support.DefaultSingletonBeanRegistry.destroySingletons(DefaultSingletonBeanRegistry.java:504)
	at org.springframework.beans.factory.support.DefaultListableBeanFactory.destroySingletons(DefaultListableBeanFactory.java:1029)
	at org.springframework.context.support.AbstractApplicationContext.destroyBeans(AbstractApplicationContext.java:1057)
	at org.springframework.context.support.AbstractApplicationContext.doClose(AbstractApplicationContext.java:1026)
	at org.springframework.context.support.AbstractApplicationContext$1.run(AbstractApplicationContext.java:945)
2023-06-06 17:59:54 INFO  [FEBS-Gateway,,,] Thread-72 org.springframework.scheduling.concurrent.ThreadPoolTaskExecutor Shutting down ExecutorService 'applicationTaskExecutor'
2023-06-06 17:59:55 INFO  [FEBS-Gateway,,,] Thread-72 com.netflix.discovery.DiscoveryClient Shutting down DiscoveryClient ...
2023-06-06 17:59:58 INFO  [FEBS-Gateway,,,] Thread-72 com.netflix.discovery.DiscoveryClient Unregistering ...
2023-06-06 17:59:58 INFO  [FEBS-Gateway,,,] Thread-72 com.netflix.discovery.DiscoveryClient DiscoveryClient_FEBS-GATEWAY/192.168.0.47:FEBS-Gateway:8301 - deregister  status: 200
2023-06-06 17:59:58 INFO  [FEBS-Gateway,,,] Thread-72 com.netflix.discovery.DiscoveryClient Completed shut down of DiscoveryClient
2023-06-06 18:00:23 INFO  [springAppName_IS_UNDEFINED,,,] main org.springframework.context.support.PostProcessorRegistrationDelegate$BeanPostProcessorChecker Bean 'org.springframework.cloud.autoconfigure.ConfigurationPropertiesRebinderAutoConfiguration' of type [org.springframework.cloud.autoconfigure.ConfigurationPropertiesRebinderAutoConfiguration$$EnhancerBySpringCGLIB$$32e841b6] is not eligible for getting processed by all BeanPostProcessors (for example: not eligible for auto-proxying)
2023-06-06 18:00:34 INFO  [FEBS-Gateway,,,] main com.ktb.febsgateway.FebsGatewayApplication No active profile set, falling back to default profiles: default
2023-06-06 18:00:35 INFO  [FEBS-Gateway,,,] main org.springframework.data.repository.config.RepositoryConfigurationDelegate Multiple Spring Data modules found, entering strict repository configuration mode!
2023-06-06 18:00:35 INFO  [FEBS-Gateway,,,] main org.springframework.data.repository.config.RepositoryConfigurationDelegate Bootstrapping Spring Data repositories in DEFAULT mode.
2023-06-06 18:00:35 INFO  [FEBS-Gateway,,,] main org.springframework.data.repository.config.RepositoryConfigurationDelegate Finished Spring Data repository scanning in 19ms. Found 0 repository interfaces.
2023-06-06 18:00:35 INFO  [FEBS-Gateway,,,] main org.springframework.cloud.context.scope.GenericScope BeanFactory id=4b8e6931-4435-3988-916b-ddaae0744a9a
2023-06-06 18:00:36 INFO  [FEBS-Gateway,,,] main org.springframework.context.support.PostProcessorRegistrationDelegate$BeanPostProcessorChecker Bean 'org.springframework.cloud.autoconfigure.ConfigurationPropertiesRebinderAutoConfiguration' of type [org.springframework.cloud.autoconfigure.ConfigurationPropertiesRebinderAutoConfiguration$$EnhancerBySpringCGLIB$$32e841b6] is not eligible for getting processed by all BeanPostProcessors (for example: not eligible for auto-proxying)
2023-06-06 18:00:36 INFO  [FEBS-Gateway,,,] main org.springframework.boot.web.embedded.tomcat.TomcatWebServer Tomcat initialized with port(s): 8301 (http)
2023-06-06 18:00:36 INFO  [FEBS-Gateway,,,] main org.apache.coyote.http11.Http11NioProtocol Initializing ProtocolHandler ["http-nio-8301"]
2023-06-06 18:00:36 INFO  [FEBS-Gateway,,,] main org.apache.catalina.core.StandardService Starting service [Tomcat]
2023-06-06 18:00:36 INFO  [FEBS-Gateway,,,] main org.apache.catalina.core.StandardEngine Starting Servlet engine: [Apache Tomcat/9.0.21]
2023-06-06 18:00:36 INFO  [FEBS-Gateway,,,] main org.apache.catalina.core.ContainerBase.[Tomcat].[localhost].[/] Initializing Spring embedded WebApplicationContext
2023-06-06 18:00:36 INFO  [FEBS-Gateway,,,] main org.springframework.web.context.ContextLoader Root WebApplicationContext: initialization completed in 2476 ms
2023-06-06 18:00:36 INFO  [FEBS-Gateway,,,] main com.netflix.config.sources.URLConfigurationSource To enable URLs as dynamic configuration sources, define System property archaius.configurationSource.additionalUrls or make config.properties available on classpath.
2023-06-06 18:00:36 INFO  [FEBS-Gateway,,,] main com.netflix.config.DynamicPropertyFactory DynamicPropertyFactory is initialized with configuration sources: com.netflix.config.ConcurrentCompositeConfiguration@7ca16adc
2023-06-06 18:00:37 INFO  [FEBS-Gateway,,,] main org.springframework.boot.autoconfigure.security.servlet.UserDetailsServiceAutoConfiguration 

Using generated security password: 0224fafa-04b3-4f98-9c1d-1b6fe6c3f493

2023-06-06 18:00:38 INFO  [FEBS-Gateway,,,] main org.springframework.security.web.DefaultSecurityFilterChain Creating filter chain: any request, [org.springframework.security.web.context.request.async.WebAsyncManagerIntegrationFilter@9e30f9a, org.springframework.security.web.context.SecurityContextPersistenceFilter@5d14e99e, org.springframework.security.web.header.HeaderWriterFilter@333398f, org.springframework.security.web.authentication.logout.LogoutFilter@407b8435, org.springframework.security.web.savedrequest.RequestCacheAwareFilter@682618e5, org.springframework.security.web.servletapi.SecurityContextHolderAwareRequestFilter@9b3be1c, org.springframework.security.web.authentication.AnonymousAuthenticationFilter@1b30a54e, org.springframework.security.web.session.SessionManagementFilter@2b79c8ff, org.springframework.security.web.access.ExceptionTranslationFilter@165614f5]
2023-06-06 18:00:38 INFO  [FEBS-Gateway,,,] main com.netflix.config.sources.URLConfigurationSource To enable URLs as dynamic configuration sources, define System property archaius.configurationSource.additionalUrls or make config.properties available on classpath.
2023-06-06 18:00:38 INFO  [FEBS-Gateway,,,] main org.springframework.scheduling.concurrent.ThreadPoolTaskExecutor Initializing ExecutorService 'applicationTaskExecutor'
2023-06-06 18:00:38 INFO  [FEBS-Gateway,,,] main org.springframework.boot.actuate.endpoint.web.EndpointLinksResolver Exposing 2 endpoint(s) beneath base path '/actuator'
2023-06-06 18:00:39 INFO  [FEBS-Gateway,,,] main org.springframework.cloud.netflix.zuul.ZuulFilterInitializer Starting filter initializer
2023-06-06 18:00:39 INFO  [FEBS-Gateway,,,] main org.springframework.cloud.netflix.eureka.InstanceInfoFactory Setting initial instance status as: STARTING
2023-06-06 18:00:39 INFO  [FEBS-Gateway,,,] main com.netflix.discovery.DiscoveryClient Initializing Eureka in region us-east-1
2023-06-06 18:00:39 INFO  [FEBS-Gateway,,,] main com.netflix.discovery.provider.DiscoveryJerseyProvider Using JSON encoding codec LegacyJacksonJson
2023-06-06 18:00:39 INFO  [FEBS-Gateway,,,] main com.netflix.discovery.provider.DiscoveryJerseyProvider Using JSON decoding codec LegacyJacksonJson
2023-06-06 18:00:39 INFO  [FEBS-Gateway,,,] main com.netflix.discovery.provider.DiscoveryJerseyProvider Using XML encoding codec XStreamXml
2023-06-06 18:00:39 INFO  [FEBS-Gateway,,,] main com.netflix.discovery.provider.DiscoveryJerseyProvider Using XML decoding codec XStreamXml
2023-06-06 18:00:40 INFO  [FEBS-Gateway,,,] main com.netflix.discovery.shared.resolver.aws.ConfigClusterResolver Resolving eureka endpoints via configuration
2023-06-06 18:00:40 INFO  [FEBS-Gateway,,,] main com.netflix.discovery.DiscoveryClient Disable delta property : false
2023-06-06 18:00:40 INFO  [FEBS-Gateway,,,] main com.netflix.discovery.DiscoveryClient Single vip registry refresh property : null
2023-06-06 18:00:40 INFO  [FEBS-Gateway,,,] main com.netflix.discovery.DiscoveryClient Force full registry fetch : false
2023-06-06 18:00:40 INFO  [FEBS-Gateway,,,] main com.netflix.discovery.DiscoveryClient Application is null : false
2023-06-06 18:00:40 INFO  [FEBS-Gateway,,,] main com.netflix.discovery.DiscoveryClient Registered Applications size is zero : true
2023-06-06 18:00:40 INFO  [FEBS-Gateway,,,] main com.netflix.discovery.DiscoveryClient Application version is -1: true
2023-06-06 18:00:40 INFO  [FEBS-Gateway,,,] main com.netflix.discovery.DiscoveryClient Getting all instance registry info from the eureka server
2023-06-06 18:00:40 INFO  [FEBS-Gateway,,,] main com.netflix.discovery.DiscoveryClient The response status is 200
2023-06-06 18:00:40 INFO  [FEBS-Gateway,,,] main com.netflix.discovery.DiscoveryClient Starting heartbeat executor: renew interval is: 20
2023-06-06 18:00:40 INFO  [FEBS-Gateway,,,] main com.netflix.discovery.InstanceInfoReplicator InstanceInfoReplicator onDemand update allowed rate per min is 4
2023-06-06 18:00:40 INFO  [FEBS-Gateway,,,] main com.netflix.discovery.DiscoveryClient Discovery Client initialized at timestamp 1686045640625 with initial instances count: 3
2023-06-06 18:00:40 INFO  [FEBS-Gateway,,,] main org.springframework.cloud.netflix.eureka.serviceregistry.EurekaServiceRegistry Registering application FEBS-GATEWAY with eureka with status UP
2023-06-06 18:00:40 INFO  [FEBS-Gateway,,,] main com.netflix.discovery.DiscoveryClient Saw local status change event StatusChangeEvent [timestamp=1686045640629, current=UP, previous=STARTING]
2023-06-06 18:00:40 INFO  [FEBS-Gateway,,,] DiscoveryClient-InstanceInfoReplicator-0 com.netflix.discovery.DiscoveryClient DiscoveryClient_FEBS-GATEWAY/192.168.0.47:FEBS-Gateway:8301: registering service...
2023-06-06 18:00:40 INFO  [FEBS-Gateway,,,] main org.apache.coyote.http11.Http11NioProtocol Starting ProtocolHandler ["http-nio-8301"]
2023-06-06 18:00:40 INFO  [FEBS-Gateway,,,] DiscoveryClient-InstanceInfoReplicator-0 com.netflix.discovery.DiscoveryClient DiscoveryClient_FEBS-GATEWAY/192.168.0.47:FEBS-Gateway:8301 - registration status: 204
2023-06-06 18:00:40 INFO  [FEBS-Gateway,,,] main org.springframework.boot.web.embedded.tomcat.TomcatWebServer Tomcat started on port(s): 8301 (http) with context path ''
2023-06-06 18:00:40 INFO  [FEBS-Gateway,,,] main org.springframework.cloud.netflix.eureka.serviceregistry.EurekaAutoServiceRegistration Updating port to 8301
2023-06-06 18:00:40 INFO  [FEBS-Gateway,,,] main com.ktb.febsgateway.FebsGatewayApplication Started FebsGatewayApplication in 27.542 seconds (JVM running for 33.181)
2023-06-06 18:00:40 INFO  [FEBS-Gateway,,,] main com.netflix.config.ChainedDynamicProperty Flipping property: FEBS-Auth.ribbon.ActiveConnectionsLimit to use NEXT property: niws.loadbalancer.availabilityFilteringRule.activeConnectionsLimit = 2147483647
2023-06-06 18:00:40 INFO  [FEBS-Gateway,,,] main com.netflix.util.concurrent.ShutdownEnabledTimer Shutdown hook installed for: NFLoadBalancer-PingTimer-FEBS-Auth
2023-06-06 18:00:40 INFO  [FEBS-Gateway,,,] main com.netflix.loadbalancer.BaseLoadBalancer Client: FEBS-Auth instantiated a LoadBalancer: DynamicServerListLoadBalancer:{NFLoadBalancer:name=FEBS-Auth,current list of Servers=[],Load balancer stats=Zone stats: {},Server stats: []}ServerList:null
2023-06-06 18:00:40 INFO  [FEBS-Gateway,,,] main com.netflix.loadbalancer.DynamicServerListLoadBalancer Using serverListUpdater PollingServerListUpdater
2023-06-06 18:00:40 INFO  [FEBS-Gateway,,,] main com.netflix.config.ChainedDynamicProperty Flipping property: FEBS-Auth.ribbon.ActiveConnectionsLimit to use NEXT property: niws.loadbalancer.availabilityFilteringRule.activeConnectionsLimit = 2147483647
2023-06-06 18:00:40 INFO  [FEBS-Gateway,,,] main com.netflix.loadbalancer.DynamicServerListLoadBalancer DynamicServerListLoadBalancer for client FEBS-Auth initialized: DynamicServerListLoadBalancer:{NFLoadBalancer:name=FEBS-Auth,current list of Servers=[192.168.0.47:8101],Load balancer stats=Zone stats: {defaultzone=[Zone:defaultzone;	Instance count:1;	Active connections count: 0;	Circuit breaker tripped count: 0;	Active connections per server: 0.0;]
},Server stats: [[Server:192.168.0.47:8101;	Zone:defaultZone;	Total Requests:0;	Successive connection failure:0;	Total blackout seconds:0;	Last connection made:Thu Jan 01 08:00:00 CST 1970;	First connection made: Thu Jan 01 08:00:00 CST 1970;	Active Connections:0;	total failure count in last (1000) msecs:0;	average resp time:0.0;	90 percentile resp time:0.0;	95 percentile resp time:0.0;	min resp time:0.0;	max resp time:0.0;	stddev resp time:0.0]
]}ServerList:org.springframework.cloud.netflix.ribbon.eureka.DomainExtractingServerList@3791af
2023-06-06 18:00:41 INFO  [FEBS-Gateway,,,] main com.netflix.config.ChainedDynamicProperty Flipping property: FEBS-Server-System.ribbon.ActiveConnectionsLimit to use NEXT property: niws.loadbalancer.availabilityFilteringRule.activeConnectionsLimit = 2147483647
2023-06-06 18:00:41 INFO  [FEBS-Gateway,,,] main com.netflix.util.concurrent.ShutdownEnabledTimer Shutdown hook installed for: NFLoadBalancer-PingTimer-FEBS-Server-System
2023-06-06 18:00:41 INFO  [FEBS-Gateway,,,] main com.netflix.loadbalancer.BaseLoadBalancer Client: FEBS-Server-System instantiated a LoadBalancer: DynamicServerListLoadBalancer:{NFLoadBalancer:name=FEBS-Server-System,current list of Servers=[],Load balancer stats=Zone stats: {},Server stats: []}ServerList:null
2023-06-06 18:00:41 INFO  [FEBS-Gateway,,,] main com.netflix.loadbalancer.DynamicServerListLoadBalancer Using serverListUpdater PollingServerListUpdater
2023-06-06 18:00:41 INFO  [FEBS-Gateway,,,] main com.netflix.config.ChainedDynamicProperty Flipping property: FEBS-Server-System.ribbon.ActiveConnectionsLimit to use NEXT property: niws.loadbalancer.availabilityFilteringRule.activeConnectionsLimit = 2147483647
2023-06-06 18:00:41 INFO  [FEBS-Gateway,,,] main com.netflix.loadbalancer.DynamicServerListLoadBalancer DynamicServerListLoadBalancer for client FEBS-Server-System initialized: DynamicServerListLoadBalancer:{NFLoadBalancer:name=FEBS-Server-System,current list of Servers=[192.168.0.47:8201],Load balancer stats=Zone stats: {defaultzone=[Zone:defaultzone;	Instance count:1;	Active connections count: 0;	Circuit breaker tripped count: 0;	Active connections per server: 0.0;]
},Server stats: [[Server:192.168.0.47:8201;	Zone:defaultZone;	Total Requests:0;	Successive connection failure:0;	Total blackout seconds:0;	Last connection made:Thu Jan 01 08:00:00 CST 1970;	First connection made: Thu Jan 01 08:00:00 CST 1970;	Active Connections:0;	total failure count in last (1000) msecs:0;	average resp time:0.0;	90 percentile resp time:0.0;	95 percentile resp time:0.0;	min resp time:0.0;	max resp time:0.0;	stddev resp time:0.0]
]}ServerList:org.springframework.cloud.netflix.ribbon.eureka.DomainExtractingServerList@65a2e14e
2023-06-06 18:00:41 INFO  [FEBS-Gateway,,,] main com.netflix.config.ChainedDynamicProperty Flipping property: FEBS-Server-Test.ribbon.ActiveConnectionsLimit to use NEXT property: niws.loadbalancer.availabilityFilteringRule.activeConnectionsLimit = 2147483647
2023-06-06 18:00:41 INFO  [FEBS-Gateway,,,] main com.netflix.util.concurrent.ShutdownEnabledTimer Shutdown hook installed for: NFLoadBalancer-PingTimer-FEBS-Server-Test
2023-06-06 18:00:41 INFO  [FEBS-Gateway,,,] main com.netflix.loadbalancer.BaseLoadBalancer Client: FEBS-Server-Test instantiated a LoadBalancer: DynamicServerListLoadBalancer:{NFLoadBalancer:name=FEBS-Server-Test,current list of Servers=[],Load balancer stats=Zone stats: {},Server stats: []}ServerList:null
2023-06-06 18:00:41 INFO  [FEBS-Gateway,,,] main com.netflix.loadbalancer.DynamicServerListLoadBalancer Using serverListUpdater PollingServerListUpdater
2023-06-06 18:00:41 INFO  [FEBS-Gateway,,,] main com.netflix.config.ChainedDynamicProperty Flipping property: FEBS-Server-Test.ribbon.ActiveConnectionsLimit to use NEXT property: niws.loadbalancer.availabilityFilteringRule.activeConnectionsLimit = 2147483647
2023-06-06 18:00:41 INFO  [FEBS-Gateway,,,] main com.netflix.loadbalancer.DynamicServerListLoadBalancer DynamicServerListLoadBalancer for client FEBS-Server-Test initialized: DynamicServerListLoadBalancer:{NFLoadBalancer:name=FEBS-Server-Test,current list of Servers=[192.168.0.47:8202],Load balancer stats=Zone stats: {defaultzone=[Zone:defaultzone;	Instance count:1;	Active connections count: 0;	Circuit breaker tripped count: 0;	Active connections per server: 0.0;]
},Server stats: [[Server:192.168.0.47:8202;	Zone:defaultZone;	Total Requests:0;	Successive connection failure:0;	Total blackout seconds:0;	Last connection made:Thu Jan 01 08:00:00 CST 1970;	First connection made: Thu Jan 01 08:00:00 CST 1970;	Active Connections:0;	total failure count in last (1000) msecs:0;	average resp time:0.0;	90 percentile resp time:0.0;	95 percentile resp time:0.0;	min resp time:0.0;	max resp time:0.0;	stddev resp time:0.0]
]}ServerList:org.springframework.cloud.netflix.ribbon.eureka.DomainExtractingServerList@1d167630
2023-06-06 18:00:41 INFO  [FEBS-Gateway,,,] RMI TCP Connection(11)-192.168.0.47 org.apache.catalina.core.ContainerBase.[Tomcat].[localhost].[/] Initializing Spring DispatcherServlet 'dispatcherServlet'
2023-06-06 18:00:41 INFO  [FEBS-Gateway,,,] RMI TCP Connection(11)-192.168.0.47 org.springframework.web.servlet.DispatcherServlet Initializing Servlet 'dispatcherServlet'
2023-06-06 18:00:41 INFO  [FEBS-Gateway,,,] RMI TCP Connection(11)-192.168.0.47 org.springframework.web.servlet.DispatcherServlet Completed initialization in 24 ms
2023-06-06 18:00:41 INFO  [FEBS-Gateway,,,] parallel-1 io.lettuce.core.EpollProvider Starting without optional epoll library
2023-06-06 18:00:41 INFO  [FEBS-Gateway,,,] parallel-1 io.lettuce.core.KqueueProvider Starting without optional kqueue library
2023-06-06 18:00:41 INFO  [FEBS-Gateway,,,] PollingServerListUpdater-0 com.netflix.config.ChainedDynamicProperty Flipping property: FEBS-Auth.ribbon.ActiveConnectionsLimit to use NEXT property: niws.loadbalancer.availabilityFilteringRule.activeConnectionsLimit = 2147483647
2023-06-06 18:00:42 INFO  [FEBS-Gateway,,,] PollingServerListUpdater-1 com.netflix.config.ChainedDynamicProperty Flipping property: FEBS-Server-System.ribbon.ActiveConnectionsLimit to use NEXT property: niws.loadbalancer.availabilityFilteringRule.activeConnectionsLimit = 2147483647
2023-06-06 18:00:42 INFO  [FEBS-Gateway,,,] PollingServerListUpdater-0 com.netflix.config.ChainedDynamicProperty Flipping property: FEBS-Server-Test.ribbon.ActiveConnectionsLimit to use NEXT property: niws.loadbalancer.availabilityFilteringRule.activeConnectionsLimit = 2147483647
2023-06-06 18:01:04 INFO  [FEBS-Gateway,,,] http-nio-8301-exec-2 com.ktb.febsgateway.filter.FebsGatewayRequestFilter 请求URI：/auth/oauth/token，HTTP Method：POST，请求IP：0:0:0:0:0:0:0:1，ServerId：null
2023-06-06 18:01:15 INFO  [FEBS-Gateway,,,] http-nio-8301-exec-3 org.apache.tomcat.util.http.parser.Cookie A cookie header was received [1683279368,1684246880; Hm_lvt_54c9fd38b138230b5c5284d34abdaaad=1684489576; Hm_lvt_d2e3162511bcb2a3a1d86d5e3e1bbadc=1685515662; Admin-Token=admin; JSESSIONID=49A414EB1A849246F23840A4D8197950] that contained an invalid cookie. That cookie will be ignored.
 Note: further occurrences of this error will be logged at DEBUG level.
2023-06-06 18:01:15 INFO  [FEBS-Gateway,,,] http-nio-8301-exec-3 com.ktb.febsgateway.filter.FebsGatewayRequestFilter 请求URI：/auth/captcha，HTTP Method：GET，请求IP：0:0:0:0:0:0:0:1，ServerId：null
2023-06-06 18:01:20 INFO  [FEBS-Gateway,,,] http-nio-8301-exec-5 com.ktb.febsgateway.filter.FebsGatewayRequestFilter 请求URI：/auth/captcha，HTTP Method：GET，请求IP：0:0:0:0:0:0:0:1，ServerId：null
2023-06-06 18:01:40 INFO  [FEBS-Gateway,,,] http-nio-8301-exec-8 com.ktb.febsgateway.filter.FebsGatewayRequestFilter 请求URI：/auth/oauth/token，HTTP Method：POST，请求IP：0:0:0:0:0:0:0:1，ServerId：null
2023-06-06 18:03:18 INFO  [FEBS-Gateway,,,] http-nio-8301-exec-2 com.ktb.febsgateway.filter.FebsGatewayRequestFilter 请求URI：/test/hello，HTTP Method：GET，请求IP：0:0:0:0:0:0:0:1，ServerId：null
2023-06-06 18:03:19 INFO  [FEBS-Gateway,,,] http-nio-8301-exec-3 com.ktb.febsgateway.filter.FebsGatewayRequestFilter 请求URI：/auth/user，HTTP Method：GET，请求IP：127.0.0.1，ServerId：null
2023-06-06 18:03:20 INFO  [FEBS-Gateway,,,] http-nio-8301-exec-4 com.ktb.febsgateway.filter.FebsGatewayRequestFilter 请求URI：/auth/user，HTTP Method：GET，请求IP：127.0.0.1，ServerId：null
2023-06-06 18:05:40 INFO  [FEBS-Gateway,,,] AsyncResolver-bootstrap-executor-0 com.netflix.discovery.shared.resolver.aws.ConfigClusterResolver Resolving eureka endpoints via configuration
2023-06-06 18:07:01 INFO  [FEBS-Gateway,,,] Thread-70 com.netflix.loadbalancer.PollingServerListUpdater Shutting down the Executor Pool for PollingServerListUpdater
2023-06-06 18:07:01 INFO  [FEBS-Gateway,,,] Thread-66 org.springframework.cloud.netflix.eureka.serviceregistry.EurekaServiceRegistry Unregistering application FEBS-GATEWAY with eureka with status DOWN
2023-06-06 18:07:01 INFO  [FEBS-Gateway,,,] DiscoveryClient-InstanceInfoReplicator-0 com.netflix.discovery.DiscoveryClient DiscoveryClient_FEBS-GATEWAY/192.168.0.47:FEBS-Gateway:8301: registering service...
2023-06-06 18:07:01 INFO  [FEBS-Gateway,,,] DiscoveryClient-InstanceInfoReplicator-0 com.netflix.discovery.DiscoveryClient DiscoveryClient_FEBS-GATEWAY/192.168.0.47:FEBS-Gateway:8301 - registration status: 204
2023-06-06 18:07:01 INFO  [FEBS-Gateway,,,] Thread-66 org.springframework.cloud.netflix.zuul.ZuulFilterInitializer Stopping filter initializer
2023-06-06 18:07:01 INFO  [FEBS-Gateway,,,] Thread-66 com.netflix.util.concurrent.ShutdownEnabledTimer Shutdown hook removed for: NFLoadBalancer-PingTimer-FEBS-Server-Test
2023-06-06 18:07:01 INFO  [FEBS-Gateway,,,] Thread-66 com.netflix.util.concurrent.ShutdownEnabledTimer Exception caught (might be ok if at shutdown)
java.lang.IllegalStateException: Shutdown in progress
	at java.lang.ApplicationShutdownHooks.remove(ApplicationShutdownHooks.java:82)
	at java.lang.Runtime.removeShutdownHook(Runtime.java:239)
	at com.netflix.util.concurrent.ShutdownEnabledTimer.cancel(ShutdownEnabledTimer.java:70)
	at com.netflix.loadbalancer.BaseLoadBalancer.cancelPingTask(BaseLoadBalancer.java:632)
	at com.netflix.loadbalancer.BaseLoadBalancer.shutdown(BaseLoadBalancer.java:883)
	at com.netflix.loadbalancer.DynamicServerListLoadBalancer.shutdown(DynamicServerListLoadBalancer.java:285)
	at sun.reflect.NativeMethodAccessorImpl.invoke0(Native Method)
	at sun.reflect.NativeMethodAccessorImpl.invoke(NativeMethodAccessorImpl.java:62)
	at sun.reflect.DelegatingMethodAccessorImpl.invoke(DelegatingMethodAccessorImpl.java:43)
	at java.lang.reflect.Method.invoke(Method.java:498)
	at org.springframework.beans.factory.support.DisposableBeanAdapter.invokeCustomDestroyMethod(DisposableBeanAdapter.java:339)
	at org.springframework.beans.factory.support.DisposableBeanAdapter.destroy(DisposableBeanAdapter.java:273)
	at org.springframework.beans.factory.support.DefaultSingletonBeanRegistry.destroyBean(DefaultSingletonBeanRegistry.java:571)
	at org.springframework.beans.factory.support.DefaultSingletonBeanRegistry.destroySingleton(DefaultSingletonBeanRegistry.java:543)
	at org.springframework.beans.factory.support.DefaultListableBeanFactory.destroySingleton(DefaultListableBeanFactory.java:1036)
	at org.springframework.beans.factory.support.DefaultSingletonBeanRegistry.destroySingletons(DefaultSingletonBeanRegistry.java:504)
	at org.springframework.beans.factory.support.DefaultListableBeanFactory.destroySingletons(DefaultListableBeanFactory.java:1029)
	at org.springframework.context.support.AbstractApplicationContext.destroyBeans(AbstractApplicationContext.java:1057)
	at org.springframework.context.support.AbstractApplicationContext.doClose(AbstractApplicationContext.java:1026)
	at org.springframework.context.support.AbstractApplicationContext.close(AbstractApplicationContext.java:975)
	at org.springframework.cloud.context.named.NamedContextFactory.destroy(NamedContextFactory.java:92)
	at org.springframework.beans.factory.support.DisposableBeanAdapter.destroy(DisposableBeanAdapter.java:258)
	at org.springframework.beans.factory.support.DefaultSingletonBeanRegistry.destroyBean(DefaultSingletonBeanRegistry.java:571)
	at org.springframework.beans.factory.support.DefaultSingletonBeanRegistry.destroySingleton(DefaultSingletonBeanRegistry.java:543)
	at org.springframework.beans.factory.support.DefaultListableBeanFactory.destroySingleton(DefaultListableBeanFactory.java:1036)
	at org.springframework.beans.factory.support.DefaultSingletonBeanRegistry.destroySingletons(DefaultSingletonBeanRegistry.java:504)
	at org.springframework.beans.factory.support.DefaultListableBeanFactory.destroySingletons(DefaultListableBeanFactory.java:1029)
	at org.springframework.context.support.AbstractApplicationContext.destroyBeans(AbstractApplicationContext.java:1057)
	at org.springframework.context.support.AbstractApplicationContext.doClose(AbstractApplicationContext.java:1026)
	at org.springframework.context.support.AbstractApplicationContext$1.run(AbstractApplicationContext.java:945)
2023-06-06 18:07:01 INFO  [FEBS-Gateway,,,] Thread-66 com.netflix.util.concurrent.ShutdownEnabledTimer Shutdown hook removed for: NFLoadBalancer-PingTimer-FEBS-Server-System
2023-06-06 18:07:01 INFO  [FEBS-Gateway,,,] Thread-66 com.netflix.util.concurrent.ShutdownEnabledTimer Exception caught (might be ok if at shutdown)
java.lang.IllegalStateException: Shutdown in progress
	at java.lang.ApplicationShutdownHooks.remove(ApplicationShutdownHooks.java:82)
	at java.lang.Runtime.removeShutdownHook(Runtime.java:239)
	at com.netflix.util.concurrent.ShutdownEnabledTimer.cancel(ShutdownEnabledTimer.java:70)
	at com.netflix.loadbalancer.BaseLoadBalancer.cancelPingTask(BaseLoadBalancer.java:632)
	at com.netflix.loadbalancer.BaseLoadBalancer.shutdown(BaseLoadBalancer.java:883)
	at com.netflix.loadbalancer.DynamicServerListLoadBalancer.shutdown(DynamicServerListLoadBalancer.java:285)
	at sun.reflect.NativeMethodAccessorImpl.invoke0(Native Method)
	at sun.reflect.NativeMethodAccessorImpl.invoke(NativeMethodAccessorImpl.java:62)
	at sun.reflect.DelegatingMethodAccessorImpl.invoke(DelegatingMethodAccessorImpl.java:43)
	at java.lang.reflect.Method.invoke(Method.java:498)
	at org.springframework.beans.factory.support.DisposableBeanAdapter.invokeCustomDestroyMethod(DisposableBeanAdapter.java:339)
	at org.springframework.beans.factory.support.DisposableBeanAdapter.destroy(DisposableBeanAdapter.java:273)
	at org.springframework.beans.factory.support.DefaultSingletonBeanRegistry.destroyBean(DefaultSingletonBeanRegistry.java:571)
	at org.springframework.beans.factory.support.DefaultSingletonBeanRegistry.destroySingleton(DefaultSingletonBeanRegistry.java:543)
	at org.springframework.beans.factory.support.DefaultListableBeanFactory.destroySingleton(DefaultListableBeanFactory.java:1036)
	at org.springframework.beans.factory.support.DefaultSingletonBeanRegistry.destroySingletons(DefaultSingletonBeanRegistry.java:504)
	at org.springframework.beans.factory.support.DefaultListableBeanFactory.destroySingletons(DefaultListableBeanFactory.java:1029)
	at org.springframework.context.support.AbstractApplicationContext.destroyBeans(AbstractApplicationContext.java:1057)
	at org.springframework.context.support.AbstractApplicationContext.doClose(AbstractApplicationContext.java:1026)
	at org.springframework.context.support.AbstractApplicationContext.close(AbstractApplicationContext.java:975)
	at org.springframework.cloud.context.named.NamedContextFactory.destroy(NamedContextFactory.java:92)
	at org.springframework.beans.factory.support.DisposableBeanAdapter.destroy(DisposableBeanAdapter.java:258)
	at org.springframework.beans.factory.support.DefaultSingletonBeanRegistry.destroyBean(DefaultSingletonBeanRegistry.java:571)
	at org.springframework.beans.factory.support.DefaultSingletonBeanRegistry.destroySingleton(DefaultSingletonBeanRegistry.java:543)
	at org.springframework.beans.factory.support.DefaultListableBeanFactory.destroySingleton(DefaultListableBeanFactory.java:1036)
	at org.springframework.beans.factory.support.DefaultSingletonBeanRegistry.destroySingletons(DefaultSingletonBeanRegistry.java:504)
	at org.springframework.beans.factory.support.DefaultListableBeanFactory.destroySingletons(DefaultListableBeanFactory.java:1029)
	at org.springframework.context.support.AbstractApplicationContext.destroyBeans(AbstractApplicationContext.java:1057)
	at org.springframework.context.support.AbstractApplicationContext.doClose(AbstractApplicationContext.java:1026)
	at org.springframework.context.support.AbstractApplicationContext$1.run(AbstractApplicationContext.java:945)
2023-06-06 18:07:01 INFO  [FEBS-Gateway,,,] Thread-66 com.netflix.util.concurrent.ShutdownEnabledTimer Shutdown hook removed for: NFLoadBalancer-PingTimer-FEBS-Auth
2023-06-06 18:07:01 INFO  [FEBS-Gateway,,,] Thread-66 com.netflix.util.concurrent.ShutdownEnabledTimer Exception caught (might be ok if at shutdown)
java.lang.IllegalStateException: Shutdown in progress
	at java.lang.ApplicationShutdownHooks.remove(ApplicationShutdownHooks.java:82)
	at java.lang.Runtime.removeShutdownHook(Runtime.java:239)
	at com.netflix.util.concurrent.ShutdownEnabledTimer.cancel(ShutdownEnabledTimer.java:70)
	at com.netflix.loadbalancer.BaseLoadBalancer.cancelPingTask(BaseLoadBalancer.java:632)
	at com.netflix.loadbalancer.BaseLoadBalancer.shutdown(BaseLoadBalancer.java:883)
	at com.netflix.loadbalancer.DynamicServerListLoadBalancer.shutdown(DynamicServerListLoadBalancer.java:285)
	at sun.reflect.NativeMethodAccessorImpl.invoke0(Native Method)
	at sun.reflect.NativeMethodAccessorImpl.invoke(NativeMethodAccessorImpl.java:62)
	at sun.reflect.DelegatingMethodAccessorImpl.invoke(DelegatingMethodAccessorImpl.java:43)
	at java.lang.reflect.Method.invoke(Method.java:498)
	at org.springframework.beans.factory.support.DisposableBeanAdapter.invokeCustomDestroyMethod(DisposableBeanAdapter.java:339)
	at org.springframework.beans.factory.support.DisposableBeanAdapter.destroy(DisposableBeanAdapter.java:273)
	at org.springframework.beans.factory.support.DefaultSingletonBeanRegistry.destroyBean(DefaultSingletonBeanRegistry.java:571)
	at org.springframework.beans.factory.support.DefaultSingletonBeanRegistry.destroySingleton(DefaultSingletonBeanRegistry.java:543)
	at org.springframework.beans.factory.support.DefaultListableBeanFactory.destroySingleton(DefaultListableBeanFactory.java:1036)
	at org.springframework.beans.factory.support.DefaultSingletonBeanRegistry.destroySingletons(DefaultSingletonBeanRegistry.java:504)
	at org.springframework.beans.factory.support.DefaultListableBeanFactory.destroySingletons(DefaultListableBeanFactory.java:1029)
	at org.springframework.context.support.AbstractApplicationContext.destroyBeans(AbstractApplicationContext.java:1057)
	at org.springframework.context.support.AbstractApplicationContext.doClose(AbstractApplicationContext.java:1026)
	at org.springframework.context.support.AbstractApplicationContext.close(AbstractApplicationContext.java:975)
	at org.springframework.cloud.context.named.NamedContextFactory.destroy(NamedContextFactory.java:92)
	at org.springframework.beans.factory.support.DisposableBeanAdapter.destroy(DisposableBeanAdapter.java:258)
	at org.springframework.beans.factory.support.DefaultSingletonBeanRegistry.destroyBean(DefaultSingletonBeanRegistry.java:571)
	at org.springframework.beans.factory.support.DefaultSingletonBeanRegistry.destroySingleton(DefaultSingletonBeanRegistry.java:543)
	at org.springframework.beans.factory.support.DefaultListableBeanFactory.destroySingleton(DefaultListableBeanFactory.java:1036)
	at org.springframework.beans.factory.support.DefaultSingletonBeanRegistry.destroySingletons(DefaultSingletonBeanRegistry.java:504)
	at org.springframework.beans.factory.support.DefaultListableBeanFactory.destroySingletons(DefaultListableBeanFactory.java:1029)
	at org.springframework.context.support.AbstractApplicationContext.destroyBeans(AbstractApplicationContext.java:1057)
	at org.springframework.context.support.AbstractApplicationContext.doClose(AbstractApplicationContext.java:1026)
	at org.springframework.context.support.AbstractApplicationContext$1.run(AbstractApplicationContext.java:945)
2023-06-06 18:07:01 INFO  [FEBS-Gateway,,,] Thread-66 org.springframework.scheduling.concurrent.ThreadPoolTaskExecutor Shutting down ExecutorService 'applicationTaskExecutor'
2023-06-06 18:07:02 INFO  [FEBS-Gateway,,,] DiscoveryClient-CacheRefreshExecutor-0 org.apache.http.impl.client.DefaultHttpClient I/O exception (java.net.SocketException) caught when processing request to {}->http://localhost:8001: Connection reset
2023-06-06 18:07:02 INFO  [FEBS-Gateway,,,] DiscoveryClient-CacheRefreshExecutor-0 org.apache.http.impl.client.DefaultHttpClient Retrying request to {}->http://localhost:8001
2023-06-06 18:07:02 INFO  [FEBS-Gateway,,,] DiscoveryClient-CacheRefreshExecutor-0 org.apache.http.impl.client.DefaultHttpClient I/O exception (java.net.SocketException) caught when processing request to {}->http://localhost:8001: Connection reset
2023-06-06 18:07:02 INFO  [FEBS-Gateway,,,] DiscoveryClient-CacheRefreshExecutor-0 org.apache.http.impl.client.DefaultHttpClient Retrying request to {}->http://localhost:8001
2023-06-06 18:07:02 INFO  [FEBS-Gateway,,,] DiscoveryClient-CacheRefreshExecutor-0 org.apache.http.impl.client.DefaultHttpClient I/O exception (java.net.SocketException) caught when processing request to {}->http://localhost:8001: Connection reset
2023-06-06 18:07:02 INFO  [FEBS-Gateway,,,] DiscoveryClient-CacheRefreshExecutor-0 org.apache.http.impl.client.DefaultHttpClient Retrying request to {}->http://localhost:8001
2023-06-06 18:07:03 INFO  [FEBS-Gateway,,,] Thread-66 com.netflix.discovery.DiscoveryClient Shutting down DiscoveryClient ...
2023-06-06 18:07:06 INFO  [FEBS-Gateway,,,] Thread-66 com.netflix.discovery.DiscoveryClient Unregistering ...
2023-06-06 18:07:06 INFO  [FEBS-Gateway,,,] Thread-66 com.netflix.discovery.DiscoveryClient Completed shut down of DiscoveryClient
2023-06-06 18:08:11 INFO  [springAppName_IS_UNDEFINED,,,] main org.springframework.context.support.PostProcessorRegistrationDelegate$BeanPostProcessorChecker Bean 'org.springframework.cloud.autoconfigure.ConfigurationPropertiesRebinderAutoConfiguration' of type [org.springframework.cloud.autoconfigure.ConfigurationPropertiesRebinderAutoConfiguration$$EnhancerBySpringCGLIB$$67f136f3] is not eligible for getting processed by all BeanPostProcessors (for example: not eligible for auto-proxying)
2023-06-06 18:08:22 INFO  [FEBS-Gateway,,,] main com.ktb.febsgateway.FebsGatewayApplication No active profile set, falling back to default profiles: default
2023-06-06 18:08:25 INFO  [FEBS-Gateway,,,] main org.springframework.data.repository.config.RepositoryConfigurationDelegate Multiple Spring Data modules found, entering strict repository configuration mode!
2023-06-06 18:08:25 INFO  [FEBS-Gateway,,,] main org.springframework.data.repository.config.RepositoryConfigurationDelegate Bootstrapping Spring Data repositories in DEFAULT mode.
2023-06-06 18:08:25 INFO  [FEBS-Gateway,,,] main org.springframework.data.repository.config.RepositoryConfigurationDelegate Finished Spring Data repository scanning in 35ms. Found 0 repository interfaces.
2023-06-06 18:08:26 INFO  [FEBS-Gateway,,,] main org.springframework.cloud.context.scope.GenericScope BeanFactory id=4b8e6931-4435-3988-916b-ddaae0744a9a
2023-06-06 18:08:27 INFO  [FEBS-Gateway,,,] main org.springframework.context.support.PostProcessorRegistrationDelegate$BeanPostProcessorChecker Bean 'org.springframework.cloud.autoconfigure.ConfigurationPropertiesRebinderAutoConfiguration' of type [org.springframework.cloud.autoconfigure.ConfigurationPropertiesRebinderAutoConfiguration$$EnhancerBySpringCGLIB$$67f136f3] is not eligible for getting processed by all BeanPostProcessors (for example: not eligible for auto-proxying)
2023-06-06 18:08:28 INFO  [FEBS-Gateway,,,] main org.springframework.boot.web.embedded.tomcat.TomcatWebServer Tomcat initialized with port(s): 8301 (http)
2023-06-06 18:08:28 INFO  [FEBS-Gateway,,,] main org.apache.coyote.http11.Http11NioProtocol Initializing ProtocolHandler ["http-nio-8301"]
2023-06-06 18:08:28 INFO  [FEBS-Gateway,,,] main org.apache.catalina.core.StandardService Starting service [Tomcat]
2023-06-06 18:08:28 INFO  [FEBS-Gateway,,,] main org.apache.catalina.core.StandardEngine Starting Servlet engine: [Apache Tomcat/9.0.21]
2023-06-06 18:08:29 INFO  [FEBS-Gateway,,,] main org.apache.catalina.core.ContainerBase.[Tomcat].[localhost].[/] Initializing Spring embedded WebApplicationContext
2023-06-06 18:08:29 INFO  [FEBS-Gateway,,,] main org.springframework.web.context.ContextLoader Root WebApplicationContext: initialization completed in 6539 ms
2023-06-06 18:08:29 INFO  [FEBS-Gateway,,,] main com.netflix.config.sources.URLConfigurationSource To enable URLs as dynamic configuration sources, define System property archaius.configurationSource.additionalUrls or make config.properties available on classpath.
2023-06-06 18:08:29 INFO  [FEBS-Gateway,,,] main com.netflix.config.DynamicPropertyFactory DynamicPropertyFactory is initialized with configuration sources: com.netflix.config.ConcurrentCompositeConfiguration@208205ed
2023-06-06 18:08:32 INFO  [FEBS-Gateway,,,] main org.springframework.boot.autoconfigure.security.servlet.UserDetailsServiceAutoConfiguration 

Using generated security password: 802268fb-d948-45f1-96d8-e13e85e4fe96

2023-06-06 18:08:32 INFO  [FEBS-Gateway,,,] main org.springframework.security.web.DefaultSecurityFilterChain Creating filter chain: any request, [org.springframework.security.web.context.request.async.WebAsyncManagerIntegrationFilter@68aec50, org.springframework.security.web.context.SecurityContextPersistenceFilter@3e9beef2, org.springframework.security.web.header.HeaderWriterFilter@37314843, org.springframework.security.web.authentication.logout.LogoutFilter@6ed18d80, org.springframework.security.web.savedrequest.RequestCacheAwareFilter@3111631d, org.springframework.security.web.servletapi.SecurityContextHolderAwareRequestFilter@448ade1, org.springframework.security.web.authentication.AnonymousAuthenticationFilter@6aff97d6, org.springframework.security.web.session.SessionManagementFilter@9e30f9a, org.springframework.security.web.access.ExceptionTranslationFilter@69f080ad]
2023-06-06 18:08:32 INFO  [FEBS-Gateway,,,] main com.netflix.config.sources.URLConfigurationSource To enable URLs as dynamic configuration sources, define System property archaius.configurationSource.additionalUrls or make config.properties available on classpath.
2023-06-06 18:08:33 INFO  [FEBS-Gateway,,,] main org.springframework.scheduling.concurrent.ThreadPoolTaskExecutor Initializing ExecutorService 'applicationTaskExecutor'
2023-06-06 18:08:35 INFO  [FEBS-Gateway,,,] main org.springframework.boot.actuate.endpoint.web.EndpointLinksResolver Exposing 2 endpoint(s) beneath base path '/actuator'
2023-06-06 18:08:36 INFO  [FEBS-Gateway,,,] main org.springframework.cloud.netflix.zuul.ZuulFilterInitializer Starting filter initializer
2023-06-06 18:08:37 INFO  [FEBS-Gateway,,,] main org.springframework.cloud.netflix.eureka.InstanceInfoFactory Setting initial instance status as: STARTING
2023-06-06 18:08:37 INFO  [FEBS-Gateway,,,] main com.netflix.discovery.DiscoveryClient Initializing Eureka in region us-east-1
2023-06-06 18:08:37 INFO  [FEBS-Gateway,,,] main com.netflix.discovery.provider.DiscoveryJerseyProvider Using JSON encoding codec LegacyJacksonJson
2023-06-06 18:08:37 INFO  [FEBS-Gateway,,,] main com.netflix.discovery.provider.DiscoveryJerseyProvider Using JSON decoding codec LegacyJacksonJson
2023-06-06 18:08:37 INFO  [FEBS-Gateway,,,] main com.netflix.discovery.provider.DiscoveryJerseyProvider Using XML encoding codec XStreamXml
2023-06-06 18:08:37 INFO  [FEBS-Gateway,,,] main com.netflix.discovery.provider.DiscoveryJerseyProvider Using XML decoding codec XStreamXml
2023-06-06 18:08:38 INFO  [FEBS-Gateway,,,] main com.netflix.discovery.shared.resolver.aws.ConfigClusterResolver Resolving eureka endpoints via configuration
2023-06-06 18:08:38 INFO  [FEBS-Gateway,,,] main com.netflix.discovery.DiscoveryClient Disable delta property : false
2023-06-06 18:08:38 INFO  [FEBS-Gateway,,,] main com.netflix.discovery.DiscoveryClient Single vip registry refresh property : null
2023-06-06 18:08:38 INFO  [FEBS-Gateway,,,] main com.netflix.discovery.DiscoveryClient Force full registry fetch : false
2023-06-06 18:08:38 INFO  [FEBS-Gateway,,,] main com.netflix.discovery.DiscoveryClient Application is null : false
2023-06-06 18:08:38 INFO  [FEBS-Gateway,,,] main com.netflix.discovery.DiscoveryClient Registered Applications size is zero : true
2023-06-06 18:08:38 INFO  [FEBS-Gateway,,,] main com.netflix.discovery.DiscoveryClient Application version is -1: true
2023-06-06 18:08:38 INFO  [FEBS-Gateway,,,] main com.netflix.discovery.DiscoveryClient Getting all instance registry info from the eureka server
2023-06-06 18:08:38 INFO  [FEBS-Gateway,,,] main com.netflix.discovery.DiscoveryClient The response status is 200
2023-06-06 18:08:38 INFO  [FEBS-Gateway,,,] main com.netflix.discovery.DiscoveryClient Starting heartbeat executor: renew interval is: 20
2023-06-06 18:08:38 INFO  [FEBS-Gateway,,,] main com.netflix.discovery.InstanceInfoReplicator InstanceInfoReplicator onDemand update allowed rate per min is 4
2023-06-06 18:08:38 INFO  [FEBS-Gateway,,,] main com.netflix.discovery.DiscoveryClient Discovery Client initialized at timestamp 1686046118787 with initial instances count: 0
2023-06-06 18:08:38 INFO  [FEBS-Gateway,,,] main org.springframework.cloud.netflix.eureka.serviceregistry.EurekaServiceRegistry Registering application FEBS-GATEWAY with eureka with status UP
2023-06-06 18:08:38 INFO  [FEBS-Gateway,,,] main com.netflix.discovery.DiscoveryClient Saw local status change event StatusChangeEvent [timestamp=1686046118797, current=UP, previous=STARTING]
2023-06-06 18:08:38 INFO  [FEBS-Gateway,,,] DiscoveryClient-InstanceInfoReplicator-0 com.netflix.discovery.DiscoveryClient DiscoveryClient_FEBS-GATEWAY/192.168.0.47:FEBS-Gateway:8301: registering service...
2023-06-06 18:08:38 INFO  [FEBS-Gateway,,,] main org.apache.coyote.http11.Http11NioProtocol Starting ProtocolHandler ["http-nio-8301"]
2023-06-06 18:08:39 INFO  [FEBS-Gateway,,,] main org.springframework.boot.web.embedded.tomcat.TomcatWebServer Tomcat started on port(s): 8301 (http) with context path ''
2023-06-06 18:08:39 INFO  [FEBS-Gateway,,,] main org.springframework.cloud.netflix.eureka.serviceregistry.EurekaAutoServiceRegistration Updating port to 8301
2023-06-06 18:08:39 INFO  [FEBS-Gateway,,,] main com.ktb.febsgateway.FebsGatewayApplication Started FebsGatewayApplication in 40.092 seconds (JVM running for 47.14)
2023-06-06 18:08:39 INFO  [FEBS-Gateway,,,] DiscoveryClient-InstanceInfoReplicator-0 com.netflix.discovery.DiscoveryClient DiscoveryClient_FEBS-GATEWAY/192.168.0.47:FEBS-Gateway:8301 - registration status: 204
2023-06-06 18:08:39 INFO  [FEBS-Gateway,,,] main com.netflix.config.ChainedDynamicProperty Flipping property: FEBS-Auth.ribbon.ActiveConnectionsLimit to use NEXT property: niws.loadbalancer.availabilityFilteringRule.activeConnectionsLimit = 2147483647
2023-06-06 18:08:39 INFO  [FEBS-Gateway,,,] main com.netflix.util.concurrent.ShutdownEnabledTimer Shutdown hook installed for: NFLoadBalancer-PingTimer-FEBS-Auth
2023-06-06 18:08:39 INFO  [FEBS-Gateway,,,] main com.netflix.loadbalancer.BaseLoadBalancer Client: FEBS-Auth instantiated a LoadBalancer: DynamicServerListLoadBalancer:{NFLoadBalancer:name=FEBS-Auth,current list of Servers=[],Load balancer stats=Zone stats: {},Server stats: []}ServerList:null
2023-06-06 18:08:39 INFO  [FEBS-Gateway,,,] main com.netflix.loadbalancer.DynamicServerListLoadBalancer Using serverListUpdater PollingServerListUpdater
2023-06-06 18:08:39 INFO  [FEBS-Gateway,,,] main com.netflix.loadbalancer.DynamicServerListLoadBalancer DynamicServerListLoadBalancer for client FEBS-Auth initialized: DynamicServerListLoadBalancer:{NFLoadBalancer:name=FEBS-Auth,current list of Servers=[],Load balancer stats=Zone stats: {},Server stats: []}ServerList:org.springframework.cloud.netflix.ribbon.eureka.DomainExtractingServerList@c683cf5
2023-06-06 18:08:39 INFO  [FEBS-Gateway,,,] RMI TCP Connection(20)-192.168.0.47 org.apache.catalina.core.ContainerBase.[Tomcat].[localhost].[/] Initializing Spring DispatcherServlet 'dispatcherServlet'
2023-06-06 18:08:39 INFO  [FEBS-Gateway,,,] RMI TCP Connection(20)-192.168.0.47 org.springframework.web.servlet.DispatcherServlet Initializing Servlet 'dispatcherServlet'
2023-06-06 18:08:39 INFO  [FEBS-Gateway,,,] main com.netflix.config.ChainedDynamicProperty Flipping property: FEBS-Server-System.ribbon.ActiveConnectionsLimit to use NEXT property: niws.loadbalancer.availabilityFilteringRule.activeConnectionsLimit = 2147483647
2023-06-06 18:08:39 INFO  [FEBS-Gateway,,,] main com.netflix.util.concurrent.ShutdownEnabledTimer Shutdown hook installed for: NFLoadBalancer-PingTimer-FEBS-Server-System
2023-06-06 18:08:39 INFO  [FEBS-Gateway,,,] main com.netflix.loadbalancer.BaseLoadBalancer Client: FEBS-Server-System instantiated a LoadBalancer: DynamicServerListLoadBalancer:{NFLoadBalancer:name=FEBS-Server-System,current list of Servers=[],Load balancer stats=Zone stats: {},Server stats: []}ServerList:null
2023-06-06 18:08:39 INFO  [FEBS-Gateway,,,] main com.netflix.loadbalancer.DynamicServerListLoadBalancer Using serverListUpdater PollingServerListUpdater
2023-06-06 18:08:39 INFO  [FEBS-Gateway,,,] main com.netflix.loadbalancer.DynamicServerListLoadBalancer DynamicServerListLoadBalancer for client FEBS-Server-System initialized: DynamicServerListLoadBalancer:{NFLoadBalancer:name=FEBS-Server-System,current list of Servers=[],Load balancer stats=Zone stats: {},Server stats: []}ServerList:org.springframework.cloud.netflix.ribbon.eureka.DomainExtractingServerList@63ad5fe7
2023-06-06 18:08:39 INFO  [FEBS-Gateway,,,] RMI TCP Connection(20)-192.168.0.47 org.springframework.web.servlet.DispatcherServlet Completed initialization in 26 ms
2023-06-06 18:08:39 INFO  [FEBS-Gateway,,,] main com.netflix.config.ChainedDynamicProperty Flipping property: FEBS-Server-Test.ribbon.ActiveConnectionsLimit to use NEXT property: niws.loadbalancer.availabilityFilteringRule.activeConnectionsLimit = 2147483647
2023-06-06 18:08:40 INFO  [FEBS-Gateway,,,] main com.netflix.util.concurrent.ShutdownEnabledTimer Shutdown hook installed for: NFLoadBalancer-PingTimer-FEBS-Server-Test
2023-06-06 18:08:40 INFO  [FEBS-Gateway,,,] main com.netflix.loadbalancer.BaseLoadBalancer Client: FEBS-Server-Test instantiated a LoadBalancer: DynamicServerListLoadBalancer:{NFLoadBalancer:name=FEBS-Server-Test,current list of Servers=[],Load balancer stats=Zone stats: {},Server stats: []}ServerList:null
2023-06-06 18:08:40 INFO  [FEBS-Gateway,,,] main com.netflix.loadbalancer.DynamicServerListLoadBalancer Using serverListUpdater PollingServerListUpdater
2023-06-06 18:08:40 INFO  [FEBS-Gateway,,,] main com.netflix.loadbalancer.DynamicServerListLoadBalancer DynamicServerListLoadBalancer for client FEBS-Server-Test initialized: DynamicServerListLoadBalancer:{NFLoadBalancer:name=FEBS-Server-Test,current list of Servers=[],Load balancer stats=Zone stats: {},Server stats: []}ServerList:org.springframework.cloud.netflix.ribbon.eureka.DomainExtractingServerList@4b9ed99d
2023-06-06 18:08:40 INFO  [FEBS-Gateway,,,] parallel-1 io.lettuce.core.EpollProvider Starting without optional epoll library
2023-06-06 18:08:40 INFO  [FEBS-Gateway,,,] parallel-1 io.lettuce.core.KqueueProvider Starting without optional kqueue library
2023-06-06 18:08:41 INFO  [FEBS-Gateway,,,] DiscoveryClient-CacheRefreshExecutor-0 com.netflix.discovery.DiscoveryClient Disable delta property : false
2023-06-06 18:08:41 INFO  [FEBS-Gateway,,,] DiscoveryClient-CacheRefreshExecutor-0 com.netflix.discovery.DiscoveryClient Single vip registry refresh property : null
2023-06-06 18:08:41 INFO  [FEBS-Gateway,,,] DiscoveryClient-CacheRefreshExecutor-0 com.netflix.discovery.DiscoveryClient Force full registry fetch : false
2023-06-06 18:08:41 INFO  [FEBS-Gateway,,,] DiscoveryClient-CacheRefreshExecutor-0 com.netflix.discovery.DiscoveryClient Application is null : false
2023-06-06 18:08:41 INFO  [FEBS-Gateway,,,] DiscoveryClient-CacheRefreshExecutor-0 com.netflix.discovery.DiscoveryClient Registered Applications size is zero : true
2023-06-06 18:08:41 INFO  [FEBS-Gateway,,,] DiscoveryClient-CacheRefreshExecutor-0 com.netflix.discovery.DiscoveryClient Application version is -1: false
2023-06-06 18:08:41 INFO  [FEBS-Gateway,,,] DiscoveryClient-CacheRefreshExecutor-0 com.netflix.discovery.DiscoveryClient Getting all instance registry info from the eureka server
2023-06-06 18:08:41 INFO  [FEBS-Gateway,,,] DiscoveryClient-CacheRefreshExecutor-0 com.netflix.discovery.DiscoveryClient The response status is 200
2023-06-06 18:08:44 INFO  [FEBS-Gateway,,,] DiscoveryClient-CacheRefreshExecutor-0 com.netflix.discovery.DiscoveryClient Disable delta property : false
2023-06-06 18:08:44 INFO  [FEBS-Gateway,,,] DiscoveryClient-CacheRefreshExecutor-0 com.netflix.discovery.DiscoveryClient Single vip registry refresh property : null
2023-06-06 18:08:44 INFO  [FEBS-Gateway,,,] DiscoveryClient-CacheRefreshExecutor-0 com.netflix.discovery.DiscoveryClient Force full registry fetch : false
2023-06-06 18:08:44 INFO  [FEBS-Gateway,,,] DiscoveryClient-CacheRefreshExecutor-0 com.netflix.discovery.DiscoveryClient Application is null : false
2023-06-06 18:08:44 INFO  [FEBS-Gateway,,,] DiscoveryClient-CacheRefreshExecutor-0 com.netflix.discovery.DiscoveryClient Registered Applications size is zero : true
2023-06-06 18:08:44 INFO  [FEBS-Gateway,,,] DiscoveryClient-CacheRefreshExecutor-0 com.netflix.discovery.DiscoveryClient Application version is -1: false
2023-06-06 18:08:44 INFO  [FEBS-Gateway,,,] DiscoveryClient-CacheRefreshExecutor-0 com.netflix.discovery.DiscoveryClient Getting all instance registry info from the eureka server
2023-06-06 18:08:44 INFO  [FEBS-Gateway,,,] DiscoveryClient-CacheRefreshExecutor-0 com.netflix.discovery.DiscoveryClient The response status is 200
2023-06-06 18:08:47 INFO  [FEBS-Gateway,,,] DiscoveryClient-CacheRefreshExecutor-0 com.netflix.discovery.DiscoveryClient Disable delta property : false
2023-06-06 18:08:47 INFO  [FEBS-Gateway,,,] DiscoveryClient-CacheRefreshExecutor-0 com.netflix.discovery.DiscoveryClient Single vip registry refresh property : null
2023-06-06 18:08:47 INFO  [FEBS-Gateway,,,] DiscoveryClient-CacheRefreshExecutor-0 com.netflix.discovery.DiscoveryClient Force full registry fetch : false
2023-06-06 18:08:47 INFO  [FEBS-Gateway,,,] DiscoveryClient-CacheRefreshExecutor-0 com.netflix.discovery.DiscoveryClient Application is null : false
2023-06-06 18:08:47 INFO  [FEBS-Gateway,,,] DiscoveryClient-CacheRefreshExecutor-0 com.netflix.discovery.DiscoveryClient Registered Applications size is zero : true
2023-06-06 18:08:47 INFO  [FEBS-Gateway,,,] DiscoveryClient-CacheRefreshExecutor-0 com.netflix.discovery.DiscoveryClient Application version is -1: false
2023-06-06 18:08:47 INFO  [FEBS-Gateway,,,] DiscoveryClient-CacheRefreshExecutor-0 com.netflix.discovery.DiscoveryClient Getting all instance registry info from the eureka server
2023-06-06 18:08:47 INFO  [FEBS-Gateway,,,] DiscoveryClient-CacheRefreshExecutor-0 com.netflix.discovery.DiscoveryClient The response status is 200
2023-06-06 18:08:50 INFO  [FEBS-Gateway,,,] DiscoveryClient-CacheRefreshExecutor-0 com.netflix.discovery.DiscoveryClient Disable delta property : false
2023-06-06 18:08:50 INFO  [FEBS-Gateway,,,] DiscoveryClient-CacheRefreshExecutor-0 com.netflix.discovery.DiscoveryClient Single vip registry refresh property : null
2023-06-06 18:08:50 INFO  [FEBS-Gateway,,,] DiscoveryClient-CacheRefreshExecutor-0 com.netflix.discovery.DiscoveryClient Force full registry fetch : false
2023-06-06 18:08:50 INFO  [FEBS-Gateway,,,] DiscoveryClient-CacheRefreshExecutor-0 com.netflix.discovery.DiscoveryClient Application is null : false
2023-06-06 18:08:50 INFO  [FEBS-Gateway,,,] DiscoveryClient-CacheRefreshExecutor-0 com.netflix.discovery.DiscoveryClient Registered Applications size is zero : true
2023-06-06 18:08:50 INFO  [FEBS-Gateway,,,] DiscoveryClient-CacheRefreshExecutor-0 com.netflix.discovery.DiscoveryClient Application version is -1: false
2023-06-06 18:08:50 INFO  [FEBS-Gateway,,,] DiscoveryClient-CacheRefreshExecutor-0 com.netflix.discovery.DiscoveryClient Getting all instance registry info from the eureka server
2023-06-06 18:08:50 INFO  [FEBS-Gateway,,,] DiscoveryClient-CacheRefreshExecutor-0 com.netflix.discovery.DiscoveryClient The response status is 200
2023-06-06 18:08:53 INFO  [FEBS-Gateway,,,] DiscoveryClient-CacheRefreshExecutor-0 com.netflix.discovery.DiscoveryClient Disable delta property : false
2023-06-06 18:08:53 INFO  [FEBS-Gateway,,,] DiscoveryClient-CacheRefreshExecutor-0 com.netflix.discovery.DiscoveryClient Single vip registry refresh property : null
2023-06-06 18:08:53 INFO  [FEBS-Gateway,,,] DiscoveryClient-CacheRefreshExecutor-0 com.netflix.discovery.DiscoveryClient Force full registry fetch : false
2023-06-06 18:08:53 INFO  [FEBS-Gateway,,,] DiscoveryClient-CacheRefreshExecutor-0 com.netflix.discovery.DiscoveryClient Application is null : false
2023-06-06 18:08:53 INFO  [FEBS-Gateway,,,] DiscoveryClient-CacheRefreshExecutor-0 com.netflix.discovery.DiscoveryClient Registered Applications size is zero : true
2023-06-06 18:08:53 INFO  [FEBS-Gateway,,,] DiscoveryClient-CacheRefreshExecutor-0 com.netflix.discovery.DiscoveryClient Application version is -1: false
2023-06-06 18:08:53 INFO  [FEBS-Gateway,,,] DiscoveryClient-CacheRefreshExecutor-0 com.netflix.discovery.DiscoveryClient Getting all instance registry info from the eureka server
2023-06-06 18:08:53 INFO  [FEBS-Gateway,,,] DiscoveryClient-CacheRefreshExecutor-0 com.netflix.discovery.DiscoveryClient The response status is 200
2023-06-06 18:08:56 INFO  [FEBS-Gateway,,,] DiscoveryClient-CacheRefreshExecutor-0 com.netflix.discovery.DiscoveryClient Disable delta property : false
2023-06-06 18:08:56 INFO  [FEBS-Gateway,,,] DiscoveryClient-CacheRefreshExecutor-0 com.netflix.discovery.DiscoveryClient Single vip registry refresh property : null
2023-06-06 18:08:56 INFO  [FEBS-Gateway,,,] DiscoveryClient-CacheRefreshExecutor-0 com.netflix.discovery.DiscoveryClient Force full registry fetch : false
2023-06-06 18:08:56 INFO  [FEBS-Gateway,,,] DiscoveryClient-CacheRefreshExecutor-0 com.netflix.discovery.DiscoveryClient Application is null : false
2023-06-06 18:08:56 INFO  [FEBS-Gateway,,,] DiscoveryClient-CacheRefreshExecutor-0 com.netflix.discovery.DiscoveryClient Registered Applications size is zero : true
2023-06-06 18:08:56 INFO  [FEBS-Gateway,,,] DiscoveryClient-CacheRefreshExecutor-0 com.netflix.discovery.DiscoveryClient Application version is -1: false
2023-06-06 18:08:56 INFO  [FEBS-Gateway,,,] DiscoveryClient-CacheRefreshExecutor-0 com.netflix.discovery.DiscoveryClient Getting all instance registry info from the eureka server
2023-06-06 18:08:56 INFO  [FEBS-Gateway,,,] DiscoveryClient-CacheRefreshExecutor-0 com.netflix.discovery.DiscoveryClient The response status is 200
2023-06-06 18:08:59 INFO  [FEBS-Gateway,,,] DiscoveryClient-CacheRefreshExecutor-0 com.netflix.discovery.DiscoveryClient Disable delta property : false
2023-06-06 18:08:59 INFO  [FEBS-Gateway,,,] DiscoveryClient-CacheRefreshExecutor-0 com.netflix.discovery.DiscoveryClient Single vip registry refresh property : null
2023-06-06 18:08:59 INFO  [FEBS-Gateway,,,] DiscoveryClient-CacheRefreshExecutor-0 com.netflix.discovery.DiscoveryClient Force full registry fetch : false
2023-06-06 18:08:59 INFO  [FEBS-Gateway,,,] DiscoveryClient-CacheRefreshExecutor-0 com.netflix.discovery.DiscoveryClient Application is null : false
2023-06-06 18:08:59 INFO  [FEBS-Gateway,,,] DiscoveryClient-CacheRefreshExecutor-0 com.netflix.discovery.DiscoveryClient Registered Applications size is zero : true
2023-06-06 18:08:59 INFO  [FEBS-Gateway,,,] DiscoveryClient-CacheRefreshExecutor-0 com.netflix.discovery.DiscoveryClient Application version is -1: false
2023-06-06 18:08:59 INFO  [FEBS-Gateway,,,] DiscoveryClient-CacheRefreshExecutor-0 com.netflix.discovery.DiscoveryClient Getting all instance registry info from the eureka server
2023-06-06 18:08:59 INFO  [FEBS-Gateway,,,] DiscoveryClient-CacheRefreshExecutor-0 com.netflix.discovery.DiscoveryClient The response status is 200
2023-06-06 18:09:02 INFO  [FEBS-Gateway,,,] DiscoveryClient-CacheRefreshExecutor-0 com.netflix.discovery.DiscoveryClient Disable delta property : false
2023-06-06 18:09:02 INFO  [FEBS-Gateway,,,] DiscoveryClient-CacheRefreshExecutor-0 com.netflix.discovery.DiscoveryClient Single vip registry refresh property : null
2023-06-06 18:09:02 INFO  [FEBS-Gateway,,,] DiscoveryClient-CacheRefreshExecutor-0 com.netflix.discovery.DiscoveryClient Force full registry fetch : false
2023-06-06 18:09:02 INFO  [FEBS-Gateway,,,] DiscoveryClient-CacheRefreshExecutor-0 com.netflix.discovery.DiscoveryClient Application is null : false
2023-06-06 18:09:02 INFO  [FEBS-Gateway,,,] DiscoveryClient-CacheRefreshExecutor-0 com.netflix.discovery.DiscoveryClient Registered Applications size is zero : true
2023-06-06 18:09:02 INFO  [FEBS-Gateway,,,] DiscoveryClient-CacheRefreshExecutor-0 com.netflix.discovery.DiscoveryClient Application version is -1: false
2023-06-06 18:09:02 INFO  [FEBS-Gateway,,,] DiscoveryClient-CacheRefreshExecutor-0 com.netflix.discovery.DiscoveryClient Getting all instance registry info from the eureka server
2023-06-06 18:09:02 INFO  [FEBS-Gateway,,,] DiscoveryClient-CacheRefreshExecutor-0 com.netflix.discovery.DiscoveryClient The response status is 200
2023-06-06 18:09:10 INFO  [FEBS-Gateway,,,] PollingServerListUpdater-1 com.netflix.config.ChainedDynamicProperty Flipping property: FEBS-Auth.ribbon.ActiveConnectionsLimit to use NEXT property: niws.loadbalancer.availabilityFilteringRule.activeConnectionsLimit = 2147483647
2023-06-06 18:09:10 INFO  [FEBS-Gateway,,,] PollingServerListUpdater-0 com.netflix.config.ChainedDynamicProperty Flipping property: FEBS-Server-System.ribbon.ActiveConnectionsLimit to use NEXT property: niws.loadbalancer.availabilityFilteringRule.activeConnectionsLimit = 2147483647
2023-06-06 18:09:11 INFO  [FEBS-Gateway,,,] PollingServerListUpdater-1 com.netflix.config.ChainedDynamicProperty Flipping property: FEBS-Server-Test.ribbon.ActiveConnectionsLimit to use NEXT property: niws.loadbalancer.availabilityFilteringRule.activeConnectionsLimit = 2147483647
2023-06-06 18:09:40 INFO  [FEBS-Gateway,,,] http-nio-8301-exec-2 com.ktb.febsgateway.filter.FebsGatewayRequestFilter 请求URI：/test/hello，HTTP Method：GET，请求IP：0:0:0:0:0:0:0:1，ServerId：null
2023-06-06 18:09:45 INFO  [FEBS-Gateway,,,] http-nio-8301-exec-3 com.ktb.febsgateway.filter.FebsGatewayRequestFilter 请求URI：/auth/user，HTTP Method：GET，请求IP：127.0.0.1，ServerId：null
2023-06-06 18:09:46 INFO  [FEBS-Gateway,,,] http-nio-8301-exec-4 com.ktb.febsgateway.filter.FebsGatewayRequestFilter 请求URI：/auth/user，HTTP Method：GET，请求IP：127.0.0.1，ServerId：null
2023-06-06 18:13:27 INFO  [FEBS-Gateway,,,] http-nio-8301-exec-8 com.ktb.febsgateway.filter.FebsGatewayRequestFilter 请求URI：/test/hello，HTTP Method：GET，请求IP：0:0:0:0:0:0:0:1，ServerId：null
2023-06-06 18:13:27 INFO  [FEBS-Gateway,,,] http-nio-8301-exec-9 com.ktb.febsgateway.filter.FebsGatewayRequestFilter 请求URI：/auth/user，HTTP Method：GET，请求IP：127.0.0.1，ServerId：null
2023-06-06 18:13:27 INFO  [FEBS-Gateway,,,] http-nio-8301-exec-10 com.ktb.febsgateway.filter.FebsGatewayRequestFilter 请求URI：/auth/user，HTTP Method：GET，请求IP：127.0.0.1，ServerId：null
2023-06-06 18:13:38 INFO  [FEBS-Gateway,,,] AsyncResolver-bootstrap-executor-0 com.netflix.discovery.shared.resolver.aws.ConfigClusterResolver Resolving eureka endpoints via configuration
2023-06-06 18:18:38 INFO  [FEBS-Gateway,,,] AsyncResolver-bootstrap-executor-0 com.netflix.discovery.shared.resolver.aws.ConfigClusterResolver Resolving eureka endpoints via configuration
